{"meta": {"format": 3, "version": "7.14.1", "timestamp": "2026-09-13T19:27:00.095556", "branch_coverage": true, "show_contexts": false}, "files": {"src/__init__.py": {"executed_lines": [], "summary": {"covered_lines": 0, "num_statements": 0, "percent_covered": 100.0, "percent_covered_display": "100", "missing_lines": 0, "excluded_lines": 0, "percent_statements_covered": 100.0, "percent_statements_covered_display": "100", "num_branches": 0, "num_partial_branches": 0, "covered_branches": 0, "missing_branches": 0, "percent_branches_covered": 100.0, "percent_branches_covered_display": "100"}, "missing_lines": [], "excluded_lines": [], "executed_branches": [], "missing_branches": [], "functions": {"": {"executed_lines": [], "summary": {"covered_lines": 0, "num_statements": 0, "percent_covered": 100.0, "percent_covered_display": "100", "missing_lines": 0, "excluded_lines": 0, "percent_statements_covered": 100.0, "percent_statements_covered_display": "100", "num_branches": 0, "num_partial_branches": 0, "covered_branches": 0, "missing_branches": 0, "percent_branches_covered": 100.0, "percent_branches_covered_display": "100"}, "missing_lines": [], "excluded_lines": [], "start_line": 1, "executed_branches": [], "missing_branches": []}}, "classes": {"": {"executed_lines": [], "summary": {"covered_lines": 0, "num_statements": 0, "percent_covered": 100.0, "percent_covered_display": "100", "missing_lines": 0, "excluded_lines": 0, "percent_statements_covered": 100.0, "percent_statements_covered_display": "100", "num_branches": 0, "num_partial_branches": 0, "covered_branches": 0, "missing_branches": 0, "percent_branches_covered": 100.0, "percent_branches_covered_display": "100"}, "missing_lines": [], "excluded_lines": [], "start_line": 1, "executed_branches": [], "missing_branches": []}}}, "src/config/__init__.py": {"executed_lines": [1, 14], "summary": {"covered_lines": 2, "num_statements": 2, "percent_covered": 100.0, "percent_covered_display": "100", "missing_lines": 0, "excluded_lines": 0, "percent_statements_covered": 100.0, "percent_statements_covered_display": "100", "num_branches": 0, "num_partial_branches": 0, "covered_branches": 0, "missing_branches": 0, "percent_branches_covered": 100.0, "percent_branches_covered_display": "100"}, "missing_lines": [], "excluded_lines": [], "executed_branches": [], "missing_branches": [], "functions": {"": {"executed_lines": [1, 14], "summary": {"covered_lines": 2, "num_statements": 2, "percent_covered": 100.0, "percent_covered_display": "100", "missing_lines": 0, "excluded_lines": 0, "percent_statements_covered": 100.0, "percent_statements_covered_display": "100", "num_branches": 0, "num_partial_branches": 0, "covered_branches": 0, "missing_branches": 0, "percent_branches_covered": 100.0, "percent_branches_covered_display": "100"}, "missing_lines": [], "excluded_lines": [], "start_line": 1, "executed_branches": [], "missing_branches": []}}, "classes": {"": {"executed_lines": [1, 14], "summary": {"covered_lines": 2, "num_statements": 2, "percent_covered": 100.0, "percent_covered_display": "100", "missing_lines": 0, "excluded_lines": 0, "percent_statements_covered": 100.0, "percent_statements_covered_display": "100", "num_branches": 0, "num_partial_branches": 0, "covered_branches": 0, "missing_branches": 0, "percent_branches_covered": 100.0, "percent_branches_covered_display": "100"}, "missing_lines": [], "excluded_lines": [], "start_line": 1, "executed_branches": [], "missing_branches": []}}}, "src/config/training_config.py": {"executed_lines": [1, 3, 4, 5, 6, 7, 9, 10, 12, 14, 15, 16, 18, 35, 36, 37, 38, 39, 40, 41, 42, 43, 44, 45, 83, 84, 85, 86, 87, 88, 89, 109, 110, 111, 114, 115, 116, 117, 118, 119, 120, 121, 122, 123, 124, 125, 126, 127, 130, 131, 132, 133, 134, 135, 136, 137, 140, 141, 142, 145, 146, 147, 148, 149, 153, 154, 157, 158, 160, 163, 164, 165, 166, 167, 168, 169, 187, 193, 195, 196, 198, 199, 200, 201, 202, 203, 204, 205, 206, 210, 212, 213, 214, 215, 218, 240, 241, 243, 245, 247, 248, 249, 250, 253, 254, 255, 256, 260, 269, 270, 276, 277, 278, 279, 280, 283, 286, 287, 288, 292, 293, 294, 297, 302, 303, 304, 305, 306, 307, 308, 309], "summary": {"covered_lines": 131, "num_statements": 152, "percent_covered": 84.57446808510639, "percent_covered_display": "85", "missing_lines": 21, "excluded_lines": 0, "percent_statements_covered": 86.1842105263158, "percent_statements_covered_display": "86", "num_branches": 36, "num_partial_branches": 4, "covered_branches": 28, "missing_branches": 8, "percent_branches_covered": 77.77777777777777, "percent_branches_covered_display": "78"}, "missing_lines": [144, 150, 170, 171, 172, 174, 175, 176, 177, 178, 179, 180, 181, 182, 183, 185, 186, 188, 251, 257, 258], "excluded_lines": [], "executed_branches": [[131, 132], [131, 133], [146, 147], [146, 148], [148, 149], [160, 163], [160, 195], [166, 167], [166, 187], [167, 168], [187, 193], [195, 196], [195, 212], [199, 200], [199, 205], [205, 206], [205, 210], [213, 214], [213, 215], [250, 253], [277, 278], [277, 279], [279, 280], [279, 283], [287, 288], [287, 292], [292, 293], [292, 294]], "missing_branches": [[148, 150], [167, 170], [170, 171], [170, 178], [178, 179], [178, 185], [187, 188], [250, 251]], "functions": {"detect_runtime": {"executed_lines": [131, 132, 133, 134, 135, 136, 137], "summary": {"covered_lines": 7, "num_statements": 7, "percent_covered": 100.0, "percent_covered_display": "100", "missing_lines": 0, "excluded_lines": 0, "percent_statements_covered": 100.0, "percent_statements_covered_display": "100", "num_branches": 2, "num_partial_branches": 0, "covered_branches": 2, "missing_branches": 0, "percent_branches_covered": 100.0, "percent_branches_covered_display": "100"}, "missing_lines": [], "excluded_lines": [], "start_line": 130, "executed_branches": [[131, 132], [131, 133]], "missing_branches": []}, "detect_device": {"executed_lines": [141, 142, 145, 146, 147, 148, 149], "summary": {"covered_lines": 7, "num_statements": 9, "percent_covered": 76.92307692307692, "percent_covered_display": "77", "missing_lines": 2, "excluded_lines": 0, "percent_statements_covered": 77.77777777777777, "percent_statements_covered_display": "78", "num_branches": 4, "num_partial_branches": 1, "covered_branches": 3, "missing_branches": 1, "percent_branches_covered": 75.0, "percent_branches_covered_display": "75"}, "missing_lines": [144, 150], "excluded_lines": [], "start_line": 140, "executed_branches": [[146, 147], [146, 148], [148, 149]], "missing_branches": [[148, 150]]}, "_empty_secrets": {"executed_lines": [154], "summary": {"covered_lines": 1, "num_statements": 1, "percent_covered": 100.0, "percent_covered_display": "100", "missing_lines": 0, "excluded_lines": 0, "percent_statements_covered": 100.0, "percent_statements_covered_display": "100", "num_branches": 0, "num_partial_branches": 0, "covered_branches": 0, "missing_branches": 0, "percent_branches_covered": 100.0, "percent_branches_covered_display": "100"}, "missing_lines": [], "excluded_lines": [], "start_line": 153, "executed_branches": [], "missing_branches": []}, "load_secrets": {"executed_lines": [158, 160, 163, 164, 165, 166, 167, 168, 169, 187, 193, 195, 196, 198, 199, 200, 201, 202, 203, 204, 205, 206, 210, 212, 213, 214, 215], "summary": {"covered_lines": 27, "num_statements": 43, "percent_covered": 65.07936507936508, "percent_covered_display": "65", "missing_lines": 16, "excluded_lines": 0, "percent_statements_covered": 62.7906976744186, "percent_statements_covered_display": "63", "num_branches": 20, "num_partial_branches": 2, "covered_branches": 14, "missing_branches": 6, "percent_branches_covered": 70.0, "percent_branches_covered_display": "70"}, "missing_lines": [170, 171, 172, 174, 175, 176, 177, 178, 179, 180, 181, 182, 183, 185, 186, 188], "excluded_lines": [], "start_line": 157, "executed_branches": [[160, 163], [160, 195], [166, 167], [166, 187], [167, 168], [187, 193], [195, 196], [195, 212], [199, 200], [199, 205], [205, 206], [205, 210], [213, 214], [213, 215]], "missing_branches": [[167, 170], [170, 171], [170, 178], [178, 179], [178, 185], [187, 188]]}, "enable_deterministic_training": {"executed_lines": [240, 241, 243, 245, 247, 248, 249, 250, 253, 254, 255, 256, 260], "summary": {"covered_lines": 13, "num_statements": 16, "percent_covered": 77.77777777777777, "percent_covered_display": "78", "missing_lines": 3, "excluded_lines": 0, "percent_statements_covered": 81.25, "percent_statements_covered_display": "81", "num_branches": 2, "num_partial_branches": 1, "covered_branches": 1, "missing_branches": 1, "percent_branches_covered": 50.0, "percent_branches_covered_display": "50"}, "missing_lines": [251, 257, 258], "excluded_lines": [], "start_line": 218, "executed_branches": [[250, 253]], "missing_branches": [[250, 251]]}, "create_training_config": {"executed_lines": [270], "summary": {"covered_lines": 1, "num_statements": 1, "percent_covered": 100.0, "percent_covered_display": "100", "missing_lines": 0, "excluded_lines": 0, "percent_statements_covered": 100.0, "percent_statements_covered_display": "100", "num_branches": 0, "num_partial_branches": 0, "covered_branches": 0, "missing_branches": 0, "percent_branches_covered": 100.0, "percent_branches_covered_display": "100"}, "missing_lines": [], "excluded_lines": [], "start_line": 269, "executed_branches": [], "missing_branches": []}, "_resolve_data_dir": {"executed_lines": [277, 278, 279, 280, 283], "summary": {"covered_lines": 5, "num_statements": 5, "percent_covered": 100.0, "percent_covered_display": "100", "missing_lines": 0, "excluded_lines": 0, "percent_statements_covered": 100.0, "percent_statements_covered_display": "100", "num_branches": 4, "num_partial_branches": 0, "covered_branches": 4, "missing_branches": 0, "percent_branches_covered": 100.0, "percent_branches_covered_display": "100"}, "missing_lines": [], "excluded_lines": [], "start_line": 276, "executed_branches": [[277, 278], [277, 279], [279, 280], [279, 283]], "missing_branches": []}, "_resolve_output_dir": {"executed_lines": [287, 288, 292, 293, 294], "summary": {"covered_lines": 5, "num_statements": 5, "percent_covered": 100.0, "percent_covered_display": "100", "missing_lines": 0, "excluded_lines": 0, "percent_statements_covered": 100.0, "percent_statements_covered_display": "100", "num_branches": 4, "num_partial_branches": 0, "covered_branches": 4, "missing_branches": 0, "percent_branches_covered": 100.0, "percent_branches_covered_display": "100"}, "missing_lines": [], "excluded_lines": [], "start_line": 286, "executed_branches": [[287, 288], [287, 292], [292, 293], [292, 294]], "missing_branches": []}, "build_runtime_state": {"executed_lines": [302, 303, 304, 305, 306, 307, 308, 309], "summary": {"covered_lines": 8, "num_statements": 8, "percent_covered": 100.0, "percent_covered_display": "100", "missing_lines": 0, "excluded_lines": 0, "percent_statements_covered": 100.0, "percent_statements_covered_display": "100", "num_branches": 0, "num_partial_branches": 0, "covered_branches": 0, "missing_branches": 0, "percent_branches_covered": 100.0, "percent_branches_covered_display": "100"}, "missing_lines": [], "excluded_lines": [], "start_line": 297, "executed_branches": [], "missing_branches": []}, "": {"executed_lines": [1, 3, 4, 5, 6, 7, 9, 10, 12, 14, 15, 16, 18, 35, 36, 37, 38, 39, 40, 41, 42, 43, 44, 45, 83, 84, 85, 86, 87, 88, 89, 109, 110, 111, 114, 115, 116, 117, 118, 119, 120, 121, 122, 123, 124, 125, 126, 127, 130, 140, 153, 157, 218, 269, 276, 286, 297], "summary": {"covered_lines": 57, "num_statements": 57, "percent_covered": 100.0, "percent_covered_display": "100", "missing_lines": 0, "excluded_lines": 0, "percent_statements_covered": 100.0, "percent_statements_covered_display": "100", "num_branches": 0, "num_partial_branches": 0, "covered_branches": 0, "missing_branches": 0, "percent_branches_covered": 100.0, "percent_branches_covered_display": "100"}, "missing_lines": [], "excluded_lines": [], "start_line": 1, "executed_branches": [], "missing_branches": []}}, "classes": {"TrainingConfig": {"executed_lines": [], "summary": {"covered_lines": 0, "num_statements": 0, "percent_covered": 100.0, "percent_covered_display": "100", "missing_lines": 0, "excluded_lines": 0, "percent_statements_covered": 100.0, "percent_statements_covered_display": "100", "num_branches": 0, "num_partial_branches": 0, "covered_branches": 0, "missing_branches": 0, "percent_branches_covered": 100.0, "percent_branches_covered_display": "100"}, "missing_lines": [], "excluded_lines": [], "start_line": 36, "executed_branches": [], "missing_branches": []}, "RuntimeState": {"executed_lines": [], "summary": {"covered_lines": 0, "num_statements": 0, "percent_covered": 100.0, "percent_covered_display": "100", "missing_lines": 0, "excluded_lines": 0, "percent_statements_covered": 100.0, "percent_statements_covered_display": "100", "num_branches": 0, "num_partial_branches": 0, "covered_branches": 0, "missing_branches": 0, "percent_branches_covered": 100.0, "percent_branches_covered_display": "100"}, "missing_lines": [], "excluded_lines": [], "start_line": 115, "executed_branches": [], "missing_branches": []}, "": {"executed_lines": [1, 3, 4, 5, 6, 7, 9, 10, 12, 14, 15, 16, 18, 35, 36, 37, 38, 39, 40, 41, 42, 43, 44, 45, 83, 84, 85, 86, 87, 88, 89, 109, 110, 111, 114, 115, 116, 117, 118, 119, 120, 121, 122, 123, 124, 125, 126, 127, 130, 131, 132, 133, 134, 135, 136, 137, 140, 141, 142, 145, 146, 147, 148, 149, 153, 154, 157, 158, 160, 163, 164, 165, 166, 167, 168, 169, 187, 193, 195, 196, 198, 199, 200, 201, 202, 203, 204, 205, 206, 210, 212, 213, 214, 215, 218, 240, 241, 243, 245, 247, 248, 249, 250, 253, 254, 255, 256, 260, 269, 270, 276, 277, 278, 279, 280, 283, 286, 287, 288, 292, 293, 294, 297, 302, 303, 304, 305, 306, 307, 308, 309], "summary": {"covered_lines": 131, "num_statements": 152, "percent_covered": 84.57446808510639, "percent_covered_display": "85", "missing_lines": 21, "excluded_lines": 0, "percent_statements_covered": 86.1842105263158, "percent_statements_covered_display": "86", "num_branches": 36, "num_partial_branches": 4, "covered_branches": 28, "missing_branches": 8, "percent_branches_covered": 77.77777777777777, "percent_branches_covered_display": "78"}, "missing_lines": [144, 150, 170, 171, 172, 174, 175, 176, 177, 178, 179, 180, 181, 182, 183, 185, 186, 188, 251, 257, 258], "excluded_lines": [], "start_line": 1, "executed_branches": [[131, 132], [131, 133], [146, 147], [146, 148], [148, 149], [160, 163], [160, 195], [166, 167], [166, 187], [167, 168], [187, 193], [195, 196], [195, 212], [199, 200], [199, 205], [205, 206], [205, 210], [213, 214], [213, 215], [250, 253], [277, 278], [277, 279], [279, 280], [279, 283], [287, 288], [287, 292], [292, 293], [292, 294]], "missing_branches": [[148, 150], [167, 170], [170, 171], [170, 178], [178, 179], [178, 185], [187, 188], [250, 251]]}}}, "src/data/__init__.py": {"executed_lines": [1, 8, 10], "summary": {"covered_lines": 3, "num_statements": 3, "percent_covered": 100.0, "percent_covered_display": "100", "missing_lines": 0, "excluded_lines": 0, "percent_statements_covered": 100.0, "percent_statements_covered_display": "100", "num_branches": 0, "num_partial_branches": 0, "covered_branches": 0, "missing_branches": 0, "percent_branches_covered": 100.0, "percent_branches_covered_display": "100"}, "missing_lines": [], "excluded_lines": [], "executed_branches": [], "missing_branches": [], "functions": {"": {"executed_lines": [1, 8, 10], "summary": {"covered_lines": 3, "num_statements": 3, "percent_covered": 100.0, "percent_covered_display": "100", "missing_lines": 0, "excluded_lines": 0, "percent_statements_covered": 100.0, "percent_statements_covered_display": "100", "num_branches": 0, "num_partial_branches": 0, "covered_branches": 0, "missing_branches": 0, "percent_branches_covered": 100.0, "percent_branches_covered_display": "100"}, "missing_lines": [], "excluded_lines": [], "start_line": 1, "executed_branches": [], "missing_branches": []}}, "classes": {"": {"executed_lines": [1, 8, 10], "summary": {"covered_lines": 3, "num_statements": 3, "percent_covered": 100.0, "percent_covered_display": "100", "missing_lines": 0, "excluded_lines": 0, "percent_statements_covered": 100.0, "percent_statements_covered_display": "100", "num_branches": 0, "num_partial_branches": 0, "covered_branches": 0, "missing_branches": 0, "percent_branches_covered": 100.0, "percent_branches_covered_display": "100"}, "missing_lines": [], "excluded_lines": [], "start_line": 1, "executed_branches": [], "missing_branches": []}}}, "src/data/loader.py": {"executed_lines": [1, 3, 4, 6, 7, 9, 10, 17, 18, 19, 20, 21, 24, 25, 26, 27, 28, 31, 36, 37, 38, 39, 40, 41, 42, 43, 46, 52, 53, 54, 57, 58, 59, 60, 61, 62, 64, 65, 66, 67, 73, 78, 85, 86, 87, 88], "summary": {"covered_lines": 46, "num_statements": 46, "percent_covered": 98.27586206896552, "percent_covered_display": "98", "missing_lines": 0, "excluded_lines": 0, "percent_statements_covered": 100.0, "percent_statements_covered_display": "100", "num_branches": 12, "num_partial_branches": 1, "covered_branches": 11, "missing_branches": 1, "percent_branches_covered": 91.66666666666667, "percent_branches_covered_display": "92"}, "missing_lines": [], "excluded_lines": [], "executed_branches": [[26, 27], [37, 38], [37, 39], [39, 40], [39, 41], [41, 42], [41, 43], [59, 60], [59, 64], [61, 59], [61, 62]], "missing_branches": [[26, 28]], "functions": {"map_labels": {"executed_lines": [25, 26, 27, 28], "summary": {"covered_lines": 4, "num_statements": 4, "percent_covered": 83.33333333333333, "percent_covered_display": "83", "missing_lines": 0, "excluded_lines": 0, "percent_statements_covered": 100.0, "percent_statements_covered_display": "100", "num_branches": 2, "num_partial_branches": 1, "covered_branches": 1, "missing_branches": 1, "percent_branches_covered": 50.0, "percent_branches_covered_display": "50"}, "missing_lines": [], "excluded_lines": [], "start_line": 24, "executed_branches": [[26, 27]], "missing_branches": [[26, 28]]}, "validate_schema": {"executed_lines": [36, 37, 38, 39, 40, 41, 42, 43], "summary": {"covered_lines": 8, "num_statements": 8, "percent_covered": 100.0, "percent_covered_display": "100", "missing_lines": 0, "excluded_lines": 0, "percent_statements_covered": 100.0, "percent_statements_covered_display": "100", "num_branches": 6, "num_partial_branches": 0, "covered_branches": 6, "missing_branches": 0, "percent_branches_covered": 100.0, "percent_branches_covered_display": "100"}, "missing_lines": [], "excluded_lines": [], "start_line": 31, "executed_branches": [[37, 38], [37, 39], [39, 40], [39, 41], [41, 42], [41, 43]], "missing_branches": []}, "_load_split": {"executed_lines": [52, 53, 54], "summary": {"covered_lines": 3, "num_statements": 3, "percent_covered": 100.0, "percent_covered_display": "100", "missing_lines": 0, "excluded_lines": 0, "percent_statements_covered": 100.0, "percent_statements_covered_display": "100", "num_branches": 0, "num_partial_branches": 0, "covered_branches": 0, "missing_branches": 0, "percent_branches_covered": 100.0, "percent_branches_covered_display": "100"}, "missing_lines": [], "excluded_lines": [], "start_line": 46, "executed_branches": [], "missing_branches": []}, "_resolve_split_path": {"executed_lines": [58, 59, 60, 61, 62, 64, 65, 66, 67], "summary": {"covered_lines": 9, "num_statements": 9, "percent_covered": 100.0, "percent_covered_display": "100", "missing_lines": 0, "excluded_lines": 0, "percent_statements_covered": 100.0, "percent_statements_covered_display": "100", "num_branches": 4, "num_partial_branches": 0, "covered_branches": 4, "missing_branches": 0, "percent_branches_covered": 100.0, "percent_branches_covered_display": "100"}, "missing_lines": [], "excluded_lines": [], "start_line": 57, "executed_branches": [[59, 60], [59, 64], [61, 59], [61, 62]], "missing_branches": []}, "load_splits": {"executed_lines": [78], "summary": {"covered_lines": 1, "num_statements": 1, "percent_covered": 100.0, "percent_covered_display": "100", "missing_lines": 0, "excluded_lines": 0, "percent_statements_covered": 100.0, "percent_statements_covered_display": "100", "num_branches": 0, "num_partial_branches": 0, "covered_branches": 0, "missing_branches": 0, "percent_branches_covered": 100.0, "percent_branches_covered_display": "100"}, "missing_lines": [], "excluded_lines": [], "start_line": 73, "executed_branches": [], "missing_branches": []}, "summarize_split": {"executed_lines": [86, 87, 88], "summary": {"covered_lines": 3, "num_statements": 3, "percent_covered": 100.0, "percent_covered_display": "100", "missing_lines": 0, "excluded_lines": 0, "percent_statements_covered": 100.0, "percent_statements_covered_display": "100", "num_branches": 0, "num_partial_branches": 0, "covered_branches": 0, "missing_branches": 0, "percent_branches_covered": 100.0, "percent_branches_covered_display": "100"}, "missing_lines": [], "excluded_lines": [], "start_line": 85, "executed_branches": [], "missing_branches": []}, "": {"executed_lines": [1, 3, 4, 6, 7, 9, 10, 17, 18, 19, 20, 21, 24, 31, 46, 57, 73, 85], "summary": {"covered_lines": 18, "num_statements": 18, "percent_covered": 100.0, "percent_covered_display": "100", "missing_lines": 0, "excluded_lines": 0, "percent_statements_covered": 100.0, "percent_statements_covered_display": "100", "num_branches": 0, "num_partial_branches": 0, "covered_branches": 0, "missing_branches": 0, "percent_branches_covered": 100.0, "percent_branches_covered_display": "100"}, "missing_lines": [], "excluded_lines": [], "start_line": 1, "executed_branches": [], "missing_branches": []}}, "classes": {"DatasetSplits": {"executed_lines": [], "summary": {"covered_lines": 0, "num_statements": 0, "percent_covered": 100.0, "percent_covered_display": "100", "missing_lines": 0, "excluded_lines": 0, "percent_statements_covered": 100.0, "percent_statements_covered_display": "100", "num_branches": 0, "num_partial_branches": 0, "covered_branches": 0, "missing_branches": 0, "percent_branches_covered": 100.0, "percent_branches_covered_display": "100"}, "missing_lines": [], "excluded_lines": [], "start_line": 18, "executed_branches": [], "missing_branches": []}, "": {"executed_lines": [1, 3, 4, 6, 7, 9, 10, 17, 18, 19, 20, 21, 24, 25, 26, 27, 28, 31, 36, 37, 38, 39, 40, 41, 42, 43, 46, 52, 53, 54, 57, 58, 59, 60, 61, 62, 64, 65, 66, 67, 73, 78, 85, 86, 87, 88], "summary": {"covered_lines": 46, "num_statements": 46, "percent_covered": 98.27586206896552, "percent_covered_display": "98", "missing_lines": 0, "excluded_lines": 0, "percent_statements_covered": 100.0, "percent_statements_covered_display": "100", "num_branches": 12, "num_partial_branches": 1, "covered_branches": 11, "missing_branches": 1, "percent_branches_covered": 91.66666666666667, "percent_branches_covered_display": "92"}, "missing_lines": [], "excluded_lines": [], "start_line": 1, "executed_branches": [[26, 27], [37, 38], [37, 39], [39, 40], [39, 41], [41, 42], [41, 43], [59, 60], [59, 64], [61, 59], [61, 62]], "missing_branches": [[26, 28]]}}}, "src/data/tokenizer.py": {"executed_lines": [1, 3, 5, 6, 7, 10, 11, 12, 13, 14, 15, 18, 21, 34, 37, 40, 45, 50], "summary": {"covered_lines": 18, "num_statements": 24, "percent_covered": 69.23076923076923, "percent_covered_display": "69", "missing_lines": 6, "excluded_lines": 0, "percent_statements_covered": 75.0, "percent_statements_covered_display": "75", "num_branches": 2, "num_partial_branches": 0, "covered_branches": 0, "missing_branches": 2, "percent_branches_covered": 0.0, "percent_branches_covered_display": "0"}, "missing_lines": [59, 60, 62, 67, 68, 72], "excluded_lines": [], "executed_branches": [], "missing_branches": [[67, 68], [67, 72]], "functions": {"build_dataset_dict": {"executed_lines": [21], "summary": {"covered_lines": 1, "num_statements": 1, "percent_covered": 100.0, "percent_covered_display": "100", "missing_lines": 0, "excluded_lines": 0, "percent_statements_covered": 100.0, "percent_statements_covered_display": "100", "num_branches": 0, "num_partial_branches": 0, "covered_branches": 0, "missing_branches": 0, "percent_branches_covered": 100.0, "percent_branches_covered_display": "100"}, "missing_lines": [], "excluded_lines": [], "start_line": 18, "executed_branches": [], "missing_branches": []}, "load_tokenizer": {"executed_lines": [37], "summary": {"covered_lines": 1, "num_statements": 1, "percent_covered": 100.0, "percent_covered_display": "100", "missing_lines": 0, "excluded_lines": 0, "percent_statements_covered": 100.0, "percent_statements_covered_display": "100", "num_branches": 0, "num_partial_branches": 0, "covered_branches": 0, "missing_branches": 0, "percent_branches_covered": 100.0, "percent_branches_covered_display": "100"}, "missing_lines": [], "excluded_lines": [], "start_line": 34, "executed_branches": [], "missing_branches": []}, "tokenize_batch": {"executed_lines": [45], "summary": {"covered_lines": 1, "num_statements": 1, "percent_covered": 100.0, "percent_covered_display": "100", "missing_lines": 0, "excluded_lines": 0, "percent_statements_covered": 100.0, "percent_statements_covered_display": "100", "num_branches": 0, "num_partial_branches": 0, "covered_branches": 0, "missing_branches": 0, "percent_branches_covered": 100.0, "percent_branches_covered_display": "100"}, "missing_lines": [], "excluded_lines": [], "start_line": 40, "executed_branches": [], "missing_branches": []}, "prepare_tokenized_splits": {"executed_lines": [], "summary": {"covered_lines": 0, "num_statements": 6, "percent_covered": 0.0, "percent_covered_display": "0", "missing_lines": 6, "excluded_lines": 0, "percent_statements_covered": 0.0, "percent_statements_covered_display": "0", "num_branches": 2, "num_partial_branches": 0, "covered_branches": 0, "missing_branches": 2, "percent_branches_covered": 0.0, "percent_branches_covered_display": "0"}, "missing_lines": [59, 60, 62, 67, 68, 72], "excluded_lines": [], "start_line": 50, "executed_branches": [], "missing_branches": [[67, 68], [67, 72]]}, "": {"executed_lines": [1, 3, 5, 6, 7, 10, 11, 12, 13, 14, 15, 18, 34, 40, 50], "summary": {"covered_lines": 15, "num_statements": 15, "percent_covered": 100.0, "percent_covered_display": "100", "missing_lines": 0, "excluded_lines": 0, "percent_statements_covered": 100.0, "percent_statements_covered_display": "100", "num_branches": 0, "num_partial_branches": 0, "covered_branches": 0, "missing_branches": 0, "percent_branches_covered": 100.0, "percent_branches_covered_display": "100"}, "missing_lines": [], "excluded_lines": [], "start_line": 1, "executed_branches": [], "missing_branches": []}}, "classes": {"TokenizedSplits": {"executed_lines": [], "summary": {"covered_lines": 0, "num_statements": 0, "percent_covered": 100.0, "percent_covered_display": "100", "missing_lines": 0, "excluded_lines": 0, "percent_statements_covered": 100.0, "percent_statements_covered_display": "100", "num_branches": 0, "num_partial_branches": 0, "covered_branches": 0, "missing_branches": 0, "percent_branches_covered": 100.0, "percent_branches_covered_display": "100"}, "missing_lines": [], "excluded_lines": [], "start_line": 11, "executed_branches": [], "missing_branches": []}, "": {"executed_lines": [1, 3, 5, 6, 7, 10, 11, 12, 13, 14, 15, 18, 21, 34, 37, 40, 45, 50], "summary": {"covered_lines": 18, "num_statements": 24, "percent_covered": 69.23076923076923, "percent_covered_display": "69", "missing_lines": 6, "excluded_lines": 0, "percent_statements_covered": 75.0, "percent_statements_covered_display": "75", "num_branches": 2, "num_partial_branches": 0, "covered_branches": 0, "missing_branches": 2, "percent_branches_covered": 0.0, "percent_branches_covered_display": "0"}, "missing_lines": [59, 60, 62, 67, 68, 72], "excluded_lines": [], "start_line": 1, "executed_branches": [], "missing_branches": [[67, 68], [67, 72]]}}}, "src/evaluation/__init__.py": {"executed_lines": [1, 3, 4, 6, 7, 9, 15, 25, 27, 32, 36, 39, 45, 47, 48, 49, 51, 52, 53, 54, 55, 56, 57, 58, 59, 60, 63, 69, 71, 72, 73, 76, 83, 85, 86, 87, 88, 89, 90, 91], "summary": {"covered_lines": 40, "num_statements": 40, "percent_covered": 100.0, "percent_covered_display": "100", "missing_lines": 0, "excluded_lines": 2, "percent_statements_covered": 100.0, "percent_statements_covered_display": "100", "num_branches": 0, "num_partial_branches": 0, "covered_branches": 0, "missing_branches": 0, "percent_branches_covered": 100.0, "percent_branches_covered_display": "100"}, "missing_lines": [], "excluded_lines": [11, 12], "executed_branches": [], "missing_branches": [], "functions": {"evaluate_on_test": {"executed_lines": [25, 27, 32, 36], "summary": {"covered_lines": 4, "num_statements": 4, "percent_covered": 100.0, "percent_covered_display": "100", "missing_lines": 0, "excluded_lines": 0, "percent_statements_covered": 100.0, "percent_statements_covered_display": "100", "num_branches": 0, "num_partial_branches": 0, "covered_branches": 0, "missing_branches": 0, "percent_branches_covered": 100.0, "percent_branches_covered_display": "100"}, "missing_lines": [], "excluded_lines": [], "start_line": 15, "executed_branches": [], "missing_branches": []}, "build_error_dataframe": {"executed_lines": [45, 47, 48, 49, 51, 52, 53, 54, 55, 56, 57, 58, 59, 60], "summary": {"covered_lines": 14, "num_statements": 14, "percent_covered": 100.0, "percent_covered_display": "100", "missing_lines": 0, "excluded_lines": 0, "percent_statements_covered": 100.0, "percent_statements_covered_display": "100", "num_branches": 0, "num_partial_branches": 0, "covered_branches": 0, "missing_branches": 0, "percent_branches_covered": 100.0, "percent_branches_covered_display": "100"}, "missing_lines": [], "excluded_lines": [], "start_line": 39, "executed_branches": [], "missing_branches": []}, "confusion_matrix_arrays": {"executed_lines": [69, 71, 72, 73], "summary": {"covered_lines": 4, "num_statements": 4, "percent_covered": 100.0, "percent_covered_display": "100", "missing_lines": 0, "excluded_lines": 0, "percent_statements_covered": 100.0, "percent_statements_covered_display": "100", "num_branches": 0, "num_partial_branches": 0, "covered_branches": 0, "missing_branches": 0, "percent_branches_covered": 100.0, "percent_branches_covered_display": "100"}, "missing_lines": [], "excluded_lines": [], "start_line": 63, "executed_branches": [], "missing_branches": []}, "save_classification_report": {"executed_lines": [83, 85, 86, 87, 88, 89, 90, 91], "summary": {"covered_lines": 8, "num_statements": 8, "percent_covered": 100.0, "percent_covered_display": "100", "missing_lines": 0, "excluded_lines": 0, "percent_statements_covered": 100.0, "percent_statements_covered_display": "100", "num_branches": 0, "num_partial_branches": 0, "covered_branches": 0, "missing_branches": 0, "percent_branches_covered": 100.0, "percent_branches_covered_display": "100"}, "missing_lines": [], "excluded_lines": [], "start_line": 76, "executed_branches": [], "missing_branches": []}, "": {"executed_lines": [1, 3, 4, 6, 7, 9, 15, 39, 63, 76], "summary": {"covered_lines": 10, "num_statements": 10, "percent_covered": 100.0, "percent_covered_display": "100", "missing_lines": 0, "excluded_lines": 2, "percent_statements_covered": 100.0, "percent_statements_covered_display": "100", "num_branches": 0, "num_partial_branches": 0, "covered_branches": 0, "missing_branches": 0, "percent_branches_covered": 100.0, "percent_branches_covered_display": "100"}, "missing_lines": [], "excluded_lines": [11, 12], "start_line": 1, "executed_branches": [], "missing_branches": []}}, "classes": {"": {"executed_lines": [1, 3, 4, 6, 7, 9, 15, 25, 27, 32, 36, 39, 45, 47, 48, 49, 51, 52, 53, 54, 55, 56, 57, 58, 59, 60, 63, 69, 71, 72, 73, 76, 83, 85, 86, 87, 88, 89, 90, 91], "summary": {"covered_lines": 40, "num_statements": 40, "percent_covered": 100.0, "percent_covered_display": "100", "missing_lines": 0, "excluded_lines": 2, "percent_statements_covered": 100.0, "percent_statements_covered_display": "100", "num_branches": 0, "num_partial_branches": 0, "covered_branches": 0, "missing_branches": 0, "percent_branches_covered": 100.0, "percent_branches_covered_display": "100"}, "missing_lines": [], "excluded_lines": [11, 12], "start_line": 1, "executed_branches": [], "missing_branches": []}}}, "src/evaluation/golden_set.py": {"executed_lines": [1, 3, 4, 5, 6, 7, 8, 9, 10, 12, 13, 15, 17, 18, 21, 22, 23, 24, 25, 26, 27, 28, 31, 32, 33, 34, 35, 36, 37, 38, 39, 40, 41, 42, 43, 45, 46, 47, 60, 64, 66, 67, 69, 70, 71, 73, 75, 76, 77, 79, 81, 82, 85, 87, 89, 90, 106, 108, 111, 112, 113, 114, 115, 116, 117, 118, 119, 120, 121, 122, 124, 125, 139, 140, 154, 155, 156, 157, 158, 165, 169, 189, 196, 197, 198, 201, 202, 203, 204, 205, 206, 209, 219, 221, 222, 223, 227, 228, 229, 230, 231, 233, 234, 237, 239, 240, 241, 242, 243, 245, 247, 261, 262, 263, 267, 272, 274, 277, 282, 284, 285, 286, 287, 288, 289, 290, 291, 293, 295, 296, 303, 304, 308, 315], "summary": {"covered_lines": 134, "num_statements": 163, "percent_covered": 77.37556561085972, "percent_covered_display": "77", "missing_lines": 29, "excluded_lines": 0, "percent_statements_covered": 82.20858895705521, "percent_statements_covered_display": "82", "num_branches": 58, "num_partial_branches": 17, "covered_branches": 37, "missing_branches": 21, "percent_branches_covered": 63.793103448275865, "percent_branches_covered_display": "64"}, "missing_lines": [61, 62, 63, 65, 68, 72, 74, 78, 80, 83, 84, 86, 220, 232, 235, 236, 238, 246, 253, 254, 255, 256, 257, 258, 259, 268, 273, 283, 292], "excluded_lines": [], "executed_branches": [[60, 64], [64, 66], [66, 67], [66, 69], [67, 66], [70, 71], [70, 73], [71, 70], [73, 75], [76, 77], [76, 79], [77, 76], [79, 81], [85, 87], [196, 197], [196, 198], [204, 205], [204, 206], [219, 221], [222, 223], [222, 227], [230, 231], [230, 245], [231, 233], [237, 239], [240, 241], [240, 242], [245, 247], [247, 261], [261, 262], [261, 274], [267, 272], [272, 274], [282, 284], [287, 288], [287, 295], [291, 293]], "missing_branches": [[60, 61], [64, 65], [67, 68], [71, 72], [73, 74], [77, 78], [79, 80], [85, 86], [219, 220], [231, 232], [237, 238], [245, 246], [247, 253], [255, 256], [255, 257], [257, 258], [257, 259], [267, 268], [272, 273], [282, 283], [291, 292]], "functions": {"GoldenSample.from_mapping": {"executed_lines": [47, 60, 64, 66, 67, 69, 70, 71, 73, 75, 76, 77, 79, 81, 82, 85, 87], "summary": {"covered_lines": 17, "num_statements": 29, "percent_covered": 60.78431372549019, "percent_covered_display": "61", "missing_lines": 12, "excluded_lines": 0, "percent_statements_covered": 58.62068965517241, "percent_statements_covered_display": "59", "num_branches": 22, "num_partial_branches": 8, "covered_branches": 14, "missing_branches": 8, "percent_branches_covered": 63.63636363636363, "percent_branches_covered_display": "64"}, "missing_lines": [61, 62, 63, 65, 68, 72, 74, 78, 80, 83, 84, 86], "excluded_lines": [], "start_line": 46, "executed_branches": [[60, 64], [64, 66], [66, 67], [66, 69], [67, 66], [70, 71], [70, 73], [71, 70], [73, 75], [76, 77], [76, 79], [77, 76], [79, 81], [85, 87]], "missing_branches": [[60, 61], [64, 65], [67, 68], [71, 72], [73, 74], [77, 78], [79, 80], [85, 86]]}, "GoldenSample.model_text": {"executed_lines": [106, 108], "summary": {"covered_lines": 2, "num_statements": 2, "percent_covered": 100.0, "percent_covered_display": "100", "missing_lines": 0, "excluded_lines": 0, "percent_statements_covered": 100.0, "percent_statements_covered_display": "100", "num_branches": 0, "num_partial_branches": 0, "covered_branches": 0, "missing_branches": 0, "percent_branches_covered": 100.0, "percent_branches_covered_display": "100"}, "missing_lines": [], "excluded_lines": [], "start_line": 90, "executed_branches": [], "missing_branches": []}, "GoldenEvaluationReport.to_dict": {"executed_lines": [125], "summary": {"covered_lines": 1, "num_statements": 1, "percent_covered": 100.0, "percent_covered_display": "100", "missing_lines": 0, "excluded_lines": 0, "percent_statements_covered": 100.0, "percent_statements_covered_display": "100", "num_branches": 0, "num_partial_branches": 0, "covered_branches": 0, "missing_branches": 0, "percent_branches_covered": 100.0, "percent_branches_covered_display": "100"}, "missing_lines": [], "excluded_lines": [], "start_line": 124, "executed_branches": [], "missing_branches": []}, "latest_golden_set": {"executed_lines": [196, 197, 198], "summary": {"covered_lines": 3, "num_statements": 3, "percent_covered": 100.0, "percent_covered_display": "100", "missing_lines": 0, "excluded_lines": 0, "percent_statements_covered": 100.0, "percent_statements_covered_display": "100", "num_branches": 2, "num_partial_branches": 0, "covered_branches": 2, "missing_branches": 0, "percent_branches_covered": 100.0, "percent_branches_covered_display": "100"}, "missing_lines": [], "excluded_lines": [], "start_line": 189, "executed_branches": [[196, 197], [196, 198]], "missing_branches": []}, "file_sha256": {"executed_lines": [202, 203, 204, 205, 206], "summary": {"covered_lines": 5, "num_statements": 5, "percent_covered": 100.0, "percent_covered_display": "100", "missing_lines": 0, "excluded_lines": 0, "percent_statements_covered": 100.0, "percent_statements_covered_display": "100", "num_branches": 2, "num_partial_branches": 0, "covered_branches": 2, "missing_branches": 0, "percent_branches_covered": 100.0, "percent_branches_covered_display": "100"}, "missing_lines": [], "excluded_lines": [], "start_line": 201, "executed_branches": [[204, 205], [204, 206]], "missing_branches": []}, "load_approved_golden_set": {"executed_lines": [219, 221, 222, 223, 227, 228, 229, 230, 231, 233, 234, 237, 239, 240, 241, 242, 243, 245, 247, 261, 262, 263, 267, 272, 274], "summary": {"covered_lines": 25, "num_statements": 40, "percent_covered": 60.60606060606061, "percent_covered_display": "61", "missing_lines": 15, "excluded_lines": 0, "percent_statements_covered": 62.5, "percent_statements_covered_display": "62", "num_branches": 26, "num_partial_branches": 7, "covered_branches": 15, "missing_branches": 11, "percent_branches_covered": 57.69230769230769, "percent_branches_covered_display": "58"}, "missing_lines": [220, 232, 235, 236, 238, 246, 253, 254, 255, 256, 257, 258, 259, 268, 273], "excluded_lines": [], "start_line": 209, "executed_branches": [[219, 221], [222, 223], [222, 227], [230, 231], [230, 245], [231, 233], [237, 239], [240, 241], [240, 242], [245, 247], [247, 261], [261, 262], [261, 274], [267, 272], [272, 274]], "missing_branches": [[219, 220], [231, 232], [237, 238], [245, 246], [247, 253], [255, 256], [255, 257], [257, 258], [257, 259], [267, 268], [272, 273]]}, "evaluate_golden_set": {"executed_lines": [282, 284, 285, 286, 287, 288, 289, 290, 291, 293, 295, 296, 303, 304, 308, 315], "summary": {"covered_lines": 16, "num_statements": 18, "percent_covered": 83.33333333333333, "percent_covered_display": "83", "missing_lines": 2, "excluded_lines": 0, "percent_statements_covered": 88.88888888888889, "percent_statements_covered_display": "89", "num_branches": 6, "num_partial_branches": 2, "covered_branches": 4, "missing_branches": 2, "percent_branches_covered": 66.66666666666667, "percent_branches_covered_display": "67"}, "missing_lines": [283, 292], "excluded_lines": [], "start_line": 277, "executed_branches": [[282, 284], [287, 288], [287, 295], [291, 293]], "missing_branches": [[282, 283], [291, 292]]}, "": {"executed_lines": [1, 3, 4, 5, 6, 7, 8, 9, 10, 12, 13, 15, 17, 18, 21, 22, 23, 24, 25, 26, 27, 28, 31, 32, 33, 34, 35, 36, 37, 38, 39, 40, 41, 42, 43, 45, 46, 89, 90, 111, 112, 113, 114, 115, 116, 117, 118, 119, 120, 121, 122, 124, 139, 140, 154, 155, 156, 157, 158, 165, 169, 189, 201, 209, 277], "summary": {"covered_lines": 65, "num_statements": 65, "percent_covered": 100.0, "percent_covered_display": "100", "missing_lines": 0, "excluded_lines": 0, "percent_statements_covered": 100.0, "percent_statements_covered_display": "100", "num_branches": 0, "num_partial_branches": 0, "covered_branches": 0, "missing_branches": 0, "percent_branches_covered": 100.0, "percent_branches_covered_display": "100"}, "missing_lines": [], "excluded_lines": [], "start_line": 1, "executed_branches": [], "missing_branches": []}}, "classes": {"GoldenSetReference": {"executed_lines": [], "summary": {"covered_lines": 0, "num_statements": 0, "percent_covered": 100.0, "percent_covered_display": "100", "missing_lines": 0, "excluded_lines": 0, "percent_statements_covered": 100.0, "percent_statements_covered_display": "100", "num_branches": 0, "num_partial_branches": 0, "covered_branches": 0, "missing_branches": 0, "percent_branches_covered": 100.0, "percent_branches_covered_display": "100"}, "missing_lines": [], "excluded_lines": [], "start_line": 22, "executed_branches": [], "missing_branches": []}, "GoldenSample": {"executed_lines": [47, 60, 64, 66, 67, 69, 70, 71, 73, 75, 76, 77, 79, 81, 82, 85, 87, 106, 108], "summary": {"covered_lines": 19, "num_statements": 31, "percent_covered": 62.264150943396224, "percent_covered_display": "62", "missing_lines": 12, "excluded_lines": 0, "percent_statements_covered": 61.29032258064516, "percent_statements_covered_display": "61", "num_branches": 22, "num_partial_branches": 8, "covered_branches": 14, "missing_branches": 8, "percent_branches_covered": 63.63636363636363, "percent_branches_covered_display": "64"}, "missing_lines": [61, 62, 63, 65, 68, 72, 74, 78, 80, 83, 84, 86], "excluded_lines": [], "start_line": 32, "executed_branches": [[60, 64], [64, 66], [66, 67], [66, 69], [67, 66], [70, 71], [70, 73], [71, 70], [73, 75], [76, 77], [76, 79], [77, 76], [79, 81], [85, 87]], "missing_branches": [[60, 61], [64, 65], [67, 68], [71, 72], [73, 74], [77, 78], [79, 80], [85, 86]]}, "GoldenEvaluationReport": {"executed_lines": [125], "summary": {"covered_lines": 1, "num_statements": 1, "percent_covered": 100.0, "percent_covered_display": "100", "missing_lines": 0, "excluded_lines": 0, "percent_statements_covered": 100.0, "percent_statements_covered_display": "100", "num_branches": 0, "num_partial_branches": 0, "covered_branches": 0, "missing_branches": 0, "percent_branches_covered": 100.0, "percent_branches_covered_display": "100"}, "missing_lines": [], "excluded_lines": [], "start_line": 112, "executed_branches": [], "missing_branches": []}, "GoldenSetRelease": {"executed_lines": [], "summary": {"covered_lines": 0, "num_statements": 0, "percent_covered": 100.0, "percent_covered_display": "100", "missing_lines": 0, "excluded_lines": 0, "percent_statements_covered": 100.0, "percent_statements_covered_display": "100", "num_branches": 0, "num_partial_branches": 0, "covered_branches": 0, "missing_branches": 0, "percent_branches_covered": 100.0, "percent_branches_covered_display": "100"}, "missing_lines": [], "excluded_lines": [], "start_line": 140, "executed_branches": [], "missing_branches": []}, "": {"executed_lines": [1, 3, 4, 5, 6, 7, 8, 9, 10, 12, 13, 15, 17, 18, 21, 22, 23, 24, 25, 26, 27, 28, 31, 32, 33, 34, 35, 36, 37, 38, 39, 40, 41, 42, 43, 45, 46, 89, 90, 111, 112, 113, 114, 115, 116, 117, 118, 119, 120, 121, 122, 124, 139, 140, 154, 155, 156, 157, 158, 165, 169, 189, 196, 197, 198, 201, 202, 203, 204, 205, 206, 209, 219, 221, 222, 223, 227, 228, 229, 230, 231, 233, 234, 237, 239, 240, 241, 242, 243, 245, 247, 261, 262, 263, 267, 272, 274, 277, 282, 284, 285, 286, 287, 288, 289, 290, 291, 293, 295, 296, 303, 304, 308, 315], "summary": {"covered_lines": 114, "num_statements": 131, "percent_covered": 82.03592814371258, "percent_covered_display": "82", "missing_lines": 17, "excluded_lines": 0, "percent_statements_covered": 87.02290076335878, "percent_statements_covered_display": "87", "num_branches": 36, "num_partial_branches": 9, "covered_branches": 23, "missing_branches": 13, "percent_branches_covered": 63.888888888888886, "percent_branches_covered_display": "64"}, "missing_lines": [220, 232, 235, 236, 238, 246, 253, 254, 255, 256, 257, 258, 259, 268, 273, 283, 292], "excluded_lines": [], "start_line": 1, "executed_branches": [[196, 197], [196, 198], [204, 205], [204, 206], [219, 221], [222, 223], [222, 227], [230, 231], [230, 245], [231, 233], [237, 239], [240, 241], [240, 242], [245, 247], [247, 261], [261, 262], [261, 274], [267, 272], [272, 274], [282, 284], [287, 288], [287, 295], [291, 293]], "missing_branches": [[219, 220], [231, 232], [237, 238], [245, 246], [247, 253], [255, 256], [255, 257], [257, 258], [257, 259], [267, 268], [272, 273], [282, 283], [291, 292]]}}}, "src/evaluation/hub_onnx.py": {"executed_lines": [1, 3, 4, 5, 7, 10, 13, 21, 22, 23, 25, 30, 31, 34, 41, 45, 46, 47, 51, 52, 59, 64, 65, 68, 71, 72, 73, 74, 76, 81, 85, 86, 89, 92, 93, 98, 99, 106, 107, 108], "summary": {"covered_lines": 40, "num_statements": 41, "percent_covered": 95.55555555555556, "percent_covered_display": "96", "missing_lines": 1, "excluded_lines": 0, "percent_statements_covered": 97.5609756097561, "percent_statements_covered_display": "98", "num_branches": 4, "num_partial_branches": 1, "covered_branches": 3, "missing_branches": 1, "percent_branches_covered": 75.0, "percent_branches_covered_display": "75"}, "missing_lines": [82], "excluded_lines": [], "executed_branches": [[30, 31], [30, 34], [81, 85]], "missing_branches": [[81, 82]], "functions": {"HubOnnxPredictor.__init__": {"executed_lines": [21, 22, 23, 25, 30, 31, 34, 41, 45, 46, 47], "summary": {"covered_lines": 11, "num_statements": 11, "percent_covered": 100.0, "percent_covered_display": "100", "missing_lines": 0, "excluded_lines": 0, "percent_statements_covered": 100.0, "percent_statements_covered_display": "100", "num_branches": 2, "num_partial_branches": 0, "covered_branches": 2, "missing_branches": 0, "percent_branches_covered": 100.0, "percent_branches_covered_display": "100"}, "missing_lines": [], "excluded_lines": [], "start_line": 13, "executed_branches": [[30, 31], [30, 34]], "missing_branches": []}, "HubOnnxPredictor.predict": {"executed_lines": [52, 59, 64, 65], "summary": {"covered_lines": 4, "num_statements": 4, "percent_covered": 100.0, "percent_covered_display": "100", "missing_lines": 0, "excluded_lines": 0, "percent_statements_covered": 100.0, "percent_statements_covered_display": "100", "num_branches": 0, "num_partial_branches": 0, "covered_branches": 0, "missing_branches": 0, "percent_branches_covered": 100.0, "percent_branches_covered_display": "100"}, "missing_lines": [], "excluded_lines": [], "start_line": 51, "executed_branches": [], "missing_branches": []}, "HubTransformersPredictor.__init__": {"executed_lines": [72, 73, 74, 76, 81, 85, 86, 89, 92, 93], "summary": {"covered_lines": 10, "num_statements": 11, "percent_covered": 84.61538461538461, "percent_covered_display": "85", "missing_lines": 1, "excluded_lines": 0, "percent_statements_covered": 90.9090909090909, "percent_statements_covered_display": "91", "num_branches": 2, "num_partial_branches": 1, "covered_branches": 1, "missing_branches": 1, "percent_branches_covered": 50.0, "percent_branches_covered_display": "50"}, "missing_lines": [82], "excluded_lines": [], "start_line": 71, "executed_branches": [[81, 85]], "missing_branches": [[81, 82]]}, "HubTransformersPredictor.predict": {"executed_lines": [99, 106, 107, 108], "summary": {"covered_lines": 4, "num_statements": 4, "percent_covered": 100.0, "percent_covered_display": "100", "missing_lines": 0, "excluded_lines": 0, "percent_statements_covered": 100.0, "percent_statements_covered_display": "100", "num_branches": 0, "num_partial_branches": 0, "covered_branches": 0, "missing_branches": 0, "percent_branches_covered": 100.0, "percent_branches_covered_display": "100"}, "missing_lines": [], "excluded_lines": [], "start_line": 98, "executed_branches": [], "missing_branches": []}, "": {"executed_lines": [1, 3, 4, 5, 7, 10, 13, 51, 68, 71, 98], "summary": {"covered_lines": 11, "num_statements": 11, "percent_covered": 100.0, "percent_covered_display": "100", "missing_lines": 0, "excluded_lines": 0, "percent_statements_covered": 100.0, "percent_statements_covered_display": "100", "num_branches": 0, "num_partial_branches": 0, "covered_branches": 0, "missing_branches": 0, "percent_branches_covered": 100.0, "percent_branches_covered_display": "100"}, "missing_lines": [], "excluded_lines": [], "start_line": 1, "executed_branches": [], "missing_branches": []}}, "classes": {"HubOnnxPredictor": {"executed_lines": [21, 22, 23, 25, 30, 31, 34, 41, 45, 46, 47, 52, 59, 64, 65], "summary": {"covered_lines": 15, "num_statements": 15, "percent_covered": 100.0, "percent_covered_display": "100", "missing_lines": 0, "excluded_lines": 0, "percent_statements_covered": 100.0, "percent_statements_covered_display": "100", "num_branches": 2, "num_partial_branches": 0, "covered_branches": 2, "missing_branches": 0, "percent_branches_covered": 100.0, "percent_branches_covered_display": "100"}, "missing_lines": [], "excluded_lines": [], "start_line": 10, "executed_branches": [[30, 31], [30, 34]], "missing_branches": []}, "HubTransformersPredictor": {"executed_lines": [72, 73, 74, 76, 81, 85, 86, 89, 92, 93, 99, 106, 107, 108], "summary": {"covered_lines": 14, "num_statements": 15, "percent_covered": 88.23529411764706, "percent_covered_display": "88", "missing_lines": 1, "excluded_lines": 0, "percent_statements_covered": 93.33333333333333, "percent_statements_covered_display": "93", "num_branches": 2, "num_partial_branches": 1, "covered_branches": 1, "missing_branches": 1, "percent_branches_covered": 50.0, "percent_branches_covered_display": "50"}, "missing_lines": [82], "excluded_lines": [], "start_line": 68, "executed_branches": [[81, 85]], "missing_branches": [[81, 82]]}, "": {"executed_lines": [1, 3, 4, 5, 7, 10, 13, 51, 68, 71, 98], "summary": {"covered_lines": 11, "num_statements": 11, "percent_covered": 100.0, "percent_covered_display": "100", "missing_lines": 0, "excluded_lines": 0, "percent_statements_covered": 100.0, "percent_statements_covered_display": "100", "num_branches": 0, "num_partial_branches": 0, "covered_branches": 0, "missing_branches": 0, "percent_branches_covered": 100.0, "percent_branches_covered_display": "100"}, "missing_lines": [], "excluded_lines": [], "start_line": 1, "executed_branches": [], "missing_branches": []}}}, "src/evaluation/promotion.py": {"executed_lines": [1, 3, 4, 6, 9, 10, 11, 12, 13, 14, 17, 18, 48, 51, 52, 55, 56, 57, 58, 59, 60, 61, 62, 64, 68, 73, 74, 75, 83, 84, 87, 88, 91, 92, 96, 98], "summary": {"covered_lines": 36, "num_statements": 37, "percent_covered": 97.77777777777777, "percent_covered_display": "98", "missing_lines": 1, "excluded_lines": 0, "percent_statements_covered": 97.29729729729729, "percent_statements_covered_display": "97", "num_branches": 8, "num_partial_branches": 0, "covered_branches": 8, "missing_branches": 0, "percent_branches_covered": 100.0, "percent_branches_covered_display": "100"}, "missing_lines": [65], "excluded_lines": [], "executed_branches": [[74, 75], [74, 83], [84, 87], [84, 88], [88, 91], [88, 92], [92, 96], [92, 98]], "missing_branches": [], "functions": {"PromotionDecision.to_dict": {"executed_lines": [], "summary": {"covered_lines": 0, "num_statements": 1, "percent_covered": 0.0, "percent_covered_display": "0", "missing_lines": 1, "excluded_lines": 0, "percent_statements_covered": 0.0, "percent_statements_covered_display": "0", "num_branches": 0, "num_partial_branches": 0, "covered_branches": 0, "missing_branches": 0, "percent_branches_covered": 100.0, "percent_branches_covered_display": "100"}, "missing_lines": [65], "excluded_lines": [], "start_line": 64, "executed_branches": [], "missing_branches": []}, "decide_candidate_promotion": {"executed_lines": [73, 74, 75, 83, 84, 87, 88, 91, 92, 96, 98], "summary": {"covered_lines": 11, "num_statements": 11, "percent_covered": 100.0, "percent_covered_display": "100", "missing_lines": 0, "excluded_lines": 0, "percent_statements_covered": 100.0, "percent_statements_covered_display": "100", "num_branches": 8, "num_partial_branches": 0, "covered_branches": 8, "missing_branches": 0, "percent_branches_covered": 100.0, "percent_branches_covered_display": "100"}, "missing_lines": [], "excluded_lines": [], "start_line": 68, "executed_branches": [[74, 75], [74, 83], [84, 87], [84, 88], [88, 91], [88, 92], [92, 96], [92, 98]], "missing_branches": []}, "": {"executed_lines": [1, 3, 4, 6, 9, 10, 11, 12, 13, 14, 17, 18, 48, 51, 52, 55, 56, 57, 58, 59, 60, 61, 62, 64, 68], "summary": {"covered_lines": 25, "num_statements": 25, "percent_covered": 100.0, "percent_covered_display": "100", "missing_lines": 0, "excluded_lines": 0, "percent_statements_covered": 100.0, "percent_statements_covered_display": "100", "num_branches": 0, "num_partial_branches": 0, "covered_branches": 0, "missing_branches": 0, "percent_branches_covered": 100.0, "percent_branches_covered_display": "100"}, "missing_lines": [], "excluded_lines": [], "start_line": 1, "executed_branches": [], "missing_branches": []}}, "classes": {"GoldenMetrics": {"executed_lines": [], "summary": {"covered_lines": 0, "num_statements": 0, "percent_covered": 100.0, "percent_covered_display": "100", "missing_lines": 0, "excluded_lines": 0, "percent_statements_covered": 100.0, "percent_statements_covered_display": "100", "num_branches": 0, "num_partial_branches": 0, "covered_branches": 0, "missing_branches": 0, "percent_branches_covered": 100.0, "percent_branches_covered_display": "100"}, "missing_lines": [], "excluded_lines": [], "start_line": 10, "executed_branches": [], "missing_branches": []}, "PromotionThresholds": {"executed_lines": [], "summary": {"covered_lines": 0, "num_statements": 0, "percent_covered": 100.0, "percent_covered_display": "100", "missing_lines": 0, "excluded_lines": 0, "percent_statements_covered": 100.0, "percent_statements_covered_display": "100", "num_branches": 0, "num_partial_branches": 0, "covered_branches": 0, "missing_branches": 0, "percent_branches_covered": 100.0, "percent_branches_covered_display": "100"}, "missing_lines": [], "excluded_lines": [], "start_line": 18, "executed_branches": [], "missing_branches": []}, "PromotionDecision": {"executed_lines": [], "summary": {"covered_lines": 0, "num_statements": 1, "percent_covered": 0.0, "percent_covered_display": "0", "missing_lines": 1, "excluded_lines": 0, "percent_statements_covered": 0.0, "percent_statements_covered_display": "0", "num_branches": 0, "num_partial_branches": 0, "covered_branches": 0, "missing_branches": 0, "percent_branches_covered": 100.0, "percent_branches_covered_display": "100"}, "missing_lines": [65], "excluded_lines": [], "start_line": 56, "executed_branches": [], "missing_branches": []}, "": {"executed_lines": [1, 3, 4, 6, 9, 10, 11, 12, 13, 14, 17, 18, 48, 51, 52, 55, 56, 57, 58, 59, 60, 61, 62, 64, 68, 73, 74, 75, 83, 84, 87, 88, 91, 92, 96, 98], "summary": {"covered_lines": 36, "num_statements": 36, "percent_covered": 100.0, "percent_covered_display": "100", "missing_lines": 0, "excluded_lines": 0, "percent_statements_covered": 100.0, "percent_statements_covered_display": "100", "num_branches": 8, "num_partial_branches": 0, "covered_branches": 8, "missing_branches": 0, "percent_branches_covered": 100.0, "percent_branches_covered_display": "100"}, "missing_lines": [], "excluded_lines": [], "start_line": 1, "executed_branches": [[74, 75], [74, 83], [84, 87], [84, 88], [88, 91], [88, 92], [92, 96], [92, 98]], "missing_branches": []}}}, "src/evaluation/retrieval.py": {"executed_lines": [1, 3, 5, 8, 23, 25, 26, 27, 30, 31, 33, 34, 42, 43, 44, 45, 46, 49], "summary": {"covered_lines": 18, "num_statements": 18, "percent_covered": 100.0, "percent_covered_display": "100", "missing_lines": 0, "excluded_lines": 0, "percent_statements_covered": 100.0, "percent_statements_covered_display": "100", "num_branches": 4, "num_partial_branches": 0, "covered_branches": 4, "missing_branches": 0, "percent_branches_covered": 100.0, "percent_branches_covered_display": "100"}, "missing_lines": [], "excluded_lines": [], "executed_branches": [[26, 27], [26, 30], [44, 45], [44, 49]], "missing_branches": [], "functions": {"download_r2_object": {"executed_lines": [23, 25, 26, 27, 30, 31, 33, 34, 42, 43, 44, 45, 46, 49], "summary": {"covered_lines": 14, "num_statements": 14, "percent_covered": 100.0, "percent_covered_display": "100", "missing_lines": 0, "excluded_lines": 0, "percent_statements_covered": 100.0, "percent_statements_covered_display": "100", "num_branches": 4, "num_partial_branches": 0, "covered_branches": 4, "missing_branches": 0, "percent_branches_covered": 100.0, "percent_branches_covered_display": "100"}, "missing_lines": [], "excluded_lines": [], "start_line": 8, "executed_branches": [[26, 27], [26, 30], [44, 45], [44, 49]], "missing_branches": []}, "": {"executed_lines": [1, 3, 5, 8], "summary": {"covered_lines": 4, "num_statements": 4, "percent_covered": 100.0, "percent_covered_display": "100", "missing_lines": 0, "excluded_lines": 0, "percent_statements_covered": 100.0, "percent_statements_covered_display": "100", "num_branches": 0, "num_partial_branches": 0, "covered_branches": 0, "missing_branches": 0, "percent_branches_covered": 100.0, "percent_branches_covered_display": "100"}, "missing_lines": [], "excluded_lines": [], "start_line": 1, "executed_branches": [], "missing_branches": []}}, "classes": {"": {"executed_lines": [1, 3, 5, 8, 23, 25, 26, 27, 30, 31, 33, 34, 42, 43, 44, 45, 46, 49], "summary": {"covered_lines": 18, "num_statements": 18, "percent_covered": 100.0, "percent_covered_display": "100", "missing_lines": 0, "excluded_lines": 0, "percent_statements_covered": 100.0, "percent_statements_covered_display": "100", "num_branches": 4, "num_partial_branches": 0, "covered_branches": 4, "missing_branches": 0, "percent_branches_covered": 100.0, "percent_branches_covered_display": "100"}, "missing_lines": [], "excluded_lines": [], "start_line": 1, "executed_branches": [[26, 27], [26, 30], [44, 45], [44, 49]], "missing_branches": []}}}, "src/inference/__init__.py": {"executed_lines": [], "summary": {"covered_lines": 0, "num_statements": 0, "percent_covered": 100.0, "percent_covered_display": "100", "missing_lines": 0, "excluded_lines": 0, "percent_statements_covered": 100.0, "percent_statements_covered_display": "100", "num_branches": 0, "num_partial_branches": 0, "covered_branches": 0, "missing_branches": 0, "percent_branches_covered": 100.0, "percent_branches_covered_display": "100"}, "missing_lines": [], "excluded_lines": [], "executed_branches": [], "missing_branches": [], "functions": {"": {"executed_lines": [], "summary": {"covered_lines": 0, "num_statements": 0, "percent_covered": 100.0, "percent_covered_display": "100", "missing_lines": 0, "excluded_lines": 0, "percent_statements_covered": 100.0, "percent_statements_covered_display": "100", "num_branches": 0, "num_partial_branches": 0, "covered_branches": 0, "missing_branches": 0, "percent_branches_covered": 100.0, "percent_branches_covered_display": "100"}, "missing_lines": [], "excluded_lines": [], "start_line": 1, "executed_branches": [], "missing_branches": []}}, "classes": {"": {"executed_lines": [], "summary": {"covered_lines": 0, "num_statements": 0, "percent_covered": 100.0, "percent_covered_display": "100", "missing_lines": 0, "excluded_lines": 0, "percent_statements_covered": 100.0, "percent_statements_covered_display": "100", "num_branches": 0, "num_partial_branches": 0, "covered_branches": 0, "missing_branches": 0, "percent_branches_covered": 100.0, "percent_branches_covered_display": "100"}, "missing_lines": [], "excluded_lines": [], "start_line": 1, "executed_branches": [], "missing_branches": []}}}, "src/inference/blocklist.py": {"executed_lines": [6, 8, 9, 10, 11, 13, 14, 16, 18, 23, 62, 85, 86, 87, 88, 89, 90, 93, 95, 96, 97, 98, 102, 103, 106, 107, 110, 111, 112, 113, 114, 117, 129, 130, 131, 135, 137, 138, 139, 141, 142, 145, 146, 154, 155, 156, 164, 165, 166, 167, 169, 172, 178, 179, 180, 182, 184, 185, 187, 188, 193, 195, 201, 202, 203, 204, 205, 206, 207, 208, 214, 215, 217], "summary": {"covered_lines": 73, "num_statements": 75, "percent_covered": 95.14563106796116, "percent_covered_display": "95", "missing_lines": 2, "excluded_lines": 0, "percent_statements_covered": 97.33333333333333, "percent_statements_covered_display": "97", "num_branches": 28, "num_partial_branches": 3, "covered_branches": 25, "missing_branches": 3, "percent_branches_covered": 89.28571428571429, "percent_branches_covered_display": "89"}, "missing_lines": [99, 100], "excluded_lines": [], "executed_branches": [[97, 98], [97, 102], [111, 112], [111, 114], [112, 111], [112, 113], [130, 131], [130, 135], [137, 138], [137, 169], [141, 142], [141, 145], [145, 146], [145, 154], [154, 155], [154, 164], [155, 154], [155, 156], [164, 165], [166, 167], [179, 180], [179, 182], [193, 195], [193, 202], [206, 207]], "missing_branches": [[164, 137], [166, 137], [206, 217]], "functions": {"_extract_domain": {"executed_lines": [95, 96, 97, 98, 102, 103], "summary": {"covered_lines": 6, "num_statements": 8, "percent_covered": 80.0, "percent_covered_display": "80", "missing_lines": 2, "excluded_lines": 0, "percent_statements_covered": 75.0, "percent_statements_covered_display": "75", "num_branches": 2, "num_partial_branches": 0, "covered_branches": 2, "missing_branches": 0, "percent_branches_covered": 100.0, "percent_branches_covered_display": "100"}, "missing_lines": [99, 100], "excluded_lines": [], "start_line": 93, "executed_branches": [[97, 98], [97, 102]], "missing_branches": []}, "_extract_urls": {"executed_lines": [107], "summary": {"covered_lines": 1, "num_statements": 1, "percent_covered": 100.0, "percent_covered_display": "100", "missing_lines": 0, "excluded_lines": 0, "percent_statements_covered": 100.0, "percent_statements_covered_display": "100", "num_branches": 0, "num_partial_branches": 0, "covered_branches": 0, "missing_branches": 0, "percent_branches_covered": 100.0, "percent_branches_covered_display": "100"}, "missing_lines": [], "excluded_lines": [], "start_line": 106, "executed_branches": [], "missing_branches": []}, "_is_whitelisted": {"executed_lines": [111, 112, 113, 114], "summary": {"covered_lines": 4, "num_statements": 4, "percent_covered": 100.0, "percent_covered_display": "100", "missing_lines": 0, "excluded_lines": 0, "percent_statements_covered": 100.0, "percent_statements_covered_display": "100", "num_branches": 4, "num_partial_branches": 0, "covered_branches": 4, "missing_branches": 0, "percent_branches_covered": 100.0, "percent_branches_covered_display": "100"}, "missing_lines": [], "excluded_lines": [], "start_line": 110, "executed_branches": [[111, 112], [111, 114], [112, 111], [112, 113]], "missing_branches": []}, "check_blocklists": {"executed_lines": [129, 130, 131, 135, 137, 138, 139, 141, 142, 145, 146, 154, 155, 156, 164, 165, 166, 167, 169], "summary": {"covered_lines": 19, "num_statements": 19, "percent_covered": 94.28571428571429, "percent_covered_display": "94", "missing_lines": 0, "excluded_lines": 0, "percent_statements_covered": 100.0, "percent_statements_covered_display": "100", "num_branches": 16, "num_partial_branches": 2, "covered_branches": 14, "missing_branches": 2, "percent_branches_covered": 87.5, "percent_branches_covered_display": "88"}, "missing_lines": [], "excluded_lines": [], "start_line": 117, "executed_branches": [[130, 131], [130, 135], [137, 138], [137, 169], [141, 142], [141, 145], [145, 146], [145, 154], [154, 155], [154, 164], [155, 154], [155, 156], [164, 165], [166, 167]], "missing_branches": [[164, 137], [166, 137]]}, "_query_virustotal": {"executed_lines": [178, 179, 180, 182, 184, 185, 187, 188, 193, 195, 201, 202, 203, 204, 205, 206, 207, 208, 214, 215, 217], "summary": {"covered_lines": 21, "num_statements": 21, "percent_covered": 96.29629629629629, "percent_covered_display": "96", "missing_lines": 0, "excluded_lines": 0, "percent_statements_covered": 100.0, "percent_statements_covered_display": "100", "num_branches": 6, "num_partial_branches": 1, "covered_branches": 5, "missing_branches": 1, "percent_branches_covered": 83.33333333333333, "percent_branches_covered_display": "83"}, "missing_lines": [], "excluded_lines": [], "start_line": 172, "executed_branches": [[179, 180], [179, 182], [193, 195], [193, 202], [206, 207]], "missing_branches": [[206, 217]]}, "": {"executed_lines": [6, 8, 9, 10, 11, 13, 14, 16, 18, 23, 62, 85, 86, 87, 88, 89, 90, 93, 106, 110, 117, 172], "summary": {"covered_lines": 22, "num_statements": 22, "percent_covered": 100.0, "percent_covered_display": "100", "missing_lines": 0, "excluded_lines": 0, "percent_statements_covered": 100.0, "percent_statements_covered_display": "100", "num_branches": 0, "num_partial_branches": 0, "covered_branches": 0, "missing_branches": 0, "percent_branches_covered": 100.0, "percent_branches_covered_display": "100"}, "missing_lines": [], "excluded_lines": [], "start_line": 1, "executed_branches": [], "missing_branches": []}}, "classes": {"BlocklistResult": {"executed_lines": [], "summary": {"covered_lines": 0, "num_statements": 0, "percent_covered": 100.0, "percent_covered_display": "100", "missing_lines": 0, "excluded_lines": 0, "percent_statements_covered": 100.0, "percent_statements_covered_display": "100", "num_branches": 0, "num_partial_branches": 0, "covered_branches": 0, "missing_branches": 0, "percent_branches_covered": 100.0, "percent_branches_covered_display": "100"}, "missing_lines": [], "excluded_lines": [], "start_line": 86, "executed_branches": [], "missing_branches": []}, "": {"executed_lines": [6, 8, 9, 10, 11, 13, 14, 16, 18, 23, 62, 85, 86, 87, 88, 89, 90, 93, 95, 96, 97, 98, 102, 103, 106, 107, 110, 111, 112, 113, 114, 117, 129, 130, 131, 135, 137, 138, 139, 141, 142, 145, 146, 154, 155, 156, 164, 165, 166, 167, 169, 172, 178, 179, 180, 182, 184, 185, 187, 188, 193, 195, 201, 202, 203, 204, 205, 206, 207, 208, 214, 215, 217], "summary": {"covered_lines": 73, "num_statements": 75, "percent_covered": 95.14563106796116, "percent_covered_display": "95", "missing_lines": 2, "excluded_lines": 0, "percent_statements_covered": 97.33333333333333, "percent_statements_covered_display": "97", "num_branches": 28, "num_partial_branches": 3, "covered_branches": 25, "missing_branches": 3, "percent_branches_covered": 89.28571428571429, "percent_branches_covered_display": "89"}, "missing_lines": [99, 100], "excluded_lines": [], "start_line": 1, "executed_branches": [[97, 98], [97, 102], [111, 112], [111, 114], [112, 111], [112, 113], [130, 131], [130, 135], [137, 138], [137, 169], [141, 142], [141, 145], [145, 146], [145, 154], [154, 155], [154, 164], [155, 154], [155, 156], [164, 165], [166, 167], [179, 180], [179, 182], [193, 195], [193, 202], [206, 207]], "missing_branches": [[164, 137], [166, 137], [206, 217]]}}}, "src/inference/input_normalizer.py": {"executed_lines": [8, 10, 11, 12, 13, 14, 15, 16, 17, 19, 20, 25, 26, 27, 28, 31, 32, 35, 36, 37, 38, 39, 40, 43, 44, 45, 46, 47, 49, 50, 51, 52, 54, 59, 60, 61, 62, 63, 64, 67, 68, 69, 70, 71, 74, 75, 78, 79, 80, 81, 85, 99, 100, 101, 102, 103, 104, 105, 106, 107, 108, 110, 111, 112, 113, 114, 115, 116, 117, 120, 121, 122, 125, 140, 141, 142, 143, 144, 145, 148, 151, 152, 153, 154, 155, 162, 171, 172, 173, 174, 175, 176, 179, 180, 181, 182, 184, 185, 186, 202, 203, 204, 205, 206, 207, 208, 209, 212, 222, 225, 226, 228, 229, 230, 233, 235, 236, 237, 238, 239, 240], "summary": {"covered_lines": 121, "num_statements": 155, "percent_covered": 73.86934673366834, "percent_covered_display": "74", "missing_lines": 34, "excluded_lines": 0, "percent_statements_covered": 78.06451612903226, "percent_statements_covered_display": "78", "num_branches": 44, "num_partial_branches": 6, "covered_branches": 26, "missing_branches": 18, "percent_branches_covered": 59.09090909090909, "percent_branches_covered_display": "59"}, "missing_lines": [72, 73, 86, 87, 88, 89, 90, 91, 92, 93, 94, 95, 96, 109, 126, 127, 128, 129, 130, 131, 132, 133, 134, 135, 136, 137, 156, 157, 158, 159, 177, 178, 231, 232], "excluded_lines": [], "executed_branches": [[51, 52], [59, 60], [59, 61], [62, -54], [62, 63], [63, 64], [81, 85], [104, 105], [104, 116], [105, 106], [105, 107], [108, 110], [112, 113], [112, 114], [114, 115], [151, 152], [151, 153], [154, 155], [173, 174], [173, 180], [180, 181], [180, 184], [203, 204], [203, 205], [206, 207], [206, 208]], "missing_branches": [[51, -49], [63, 62], [81, 86], [92, 93], [92, 95], [108, 109], [114, 104], [127, 128], [127, 134], [129, 130], [129, 131], [131, 132], [131, 133], [135, 136], [135, 137], [154, 156], [157, 158], [157, 159]], "functions": {"_HTMLTextExtractor.__init__": {"executed_lines": [45, 46, 47], "summary": {"covered_lines": 3, "num_statements": 3, "percent_covered": 100.0, "percent_covered_display": "100", "missing_lines": 0, "excluded_lines": 0, "percent_statements_covered": 100.0, "percent_statements_covered_display": "100", "num_branches": 0, "num_partial_branches": 0, "covered_branches": 0, "missing_branches": 0, "percent_branches_covered": 100.0, "percent_branches_covered_display": "100"}, "missing_lines": [], "excluded_lines": [], "start_line": 44, "executed_branches": [], "missing_branches": []}, "_HTMLTextExtractor.handle_data": {"executed_lines": [50, 51, 52], "summary": {"covered_lines": 3, "num_statements": 3, "percent_covered": 80.0, "percent_covered_display": "80", "missing_lines": 0, "excluded_lines": 0, "percent_statements_covered": 100.0, "percent_statements_covered_display": "100", "num_branches": 2, "num_partial_branches": 1, "covered_branches": 1, "missing_branches": 1, "percent_branches_covered": 50.0, "percent_branches_covered_display": "50"}, "missing_lines": [], "excluded_lines": [], "start_line": 49, "executed_branches": [[51, 52]], "missing_branches": [[51, -49]]}, "_HTMLTextExtractor.handle_starttag": {"executed_lines": [59, 60, 61, 62, 63, 64], "summary": {"covered_lines": 6, "num_statements": 6, "percent_covered": 91.66666666666667, "percent_covered_display": "92", "missing_lines": 0, "excluded_lines": 0, "percent_statements_covered": 100.0, "percent_statements_covered_display": "100", "num_branches": 6, "num_partial_branches": 1, "covered_branches": 5, "missing_branches": 1, "percent_branches_covered": 83.33333333333333, "percent_branches_covered_display": "83"}, "missing_lines": [], "excluded_lines": [], "start_line": 54, "executed_branches": [[59, 60], [59, 61], [62, -54], [62, 63], [63, 64]], "missing_branches": [[63, 62]]}, "_html_to_text": {"executed_lines": [68, 69, 70, 71, 74, 75], "summary": {"covered_lines": 6, "num_statements": 8, "percent_covered": 75.0, "percent_covered_display": "75", "missing_lines": 2, "excluded_lines": 0, "percent_statements_covered": 75.0, "percent_statements_covered_display": "75", "num_branches": 0, "num_partial_branches": 0, "covered_branches": 0, "missing_branches": 0, "percent_branches_covered": 100.0, "percent_branches_covered_display": "100"}, "missing_lines": [72, 73], "excluded_lines": [], "start_line": 67, "executed_branches": [], "missing_branches": []}, "_decoded_part": {"executed_lines": [79, 80, 81, 85], "summary": {"covered_lines": 4, "num_statements": 15, "percent_covered": 26.31578947368421, "percent_covered_display": "26", "missing_lines": 11, "excluded_lines": 0, "percent_statements_covered": 26.666666666666668, "percent_statements_covered_display": "27", "num_branches": 4, "num_partial_branches": 1, "covered_branches": 1, "missing_branches": 3, "percent_branches_covered": 25.0, "percent_branches_covered_display": "25"}, "missing_lines": [86, 87, 88, 89, 90, 91, 92, 93, 94, 95, 96], "excluded_lines": [], "start_line": 78, "executed_branches": [[81, 85]], "missing_branches": [[81, 86], [92, 93], [92, 95]]}, "_extract_mime_body": {"executed_lines": [100, 101, 102, 103, 104, 105, 106, 107, 108, 110, 111, 112, 113, 114, 115, 116, 117], "summary": {"covered_lines": 17, "num_statements": 18, "percent_covered": 89.28571428571429, "percent_covered_display": "89", "missing_lines": 1, "excluded_lines": 0, "percent_statements_covered": 94.44444444444444, "percent_statements_covered_display": "94", "num_branches": 10, "num_partial_branches": 2, "covered_branches": 8, "missing_branches": 2, "percent_branches_covered": 80.0, "percent_branches_covered_display": "80"}, "missing_lines": [109], "excluded_lines": [], "start_line": 99, "executed_branches": [[104, 105], [104, 116], [105, 106], [105, 107], [108, 110], [112, 113], [112, 114], [114, 115]], "missing_branches": [[108, 109], [114, 104]]}, "_looks_like_mime": {"executed_lines": [121, 122], "summary": {"covered_lines": 2, "num_statements": 2, "percent_covered": 100.0, "percent_covered_display": "100", "missing_lines": 0, "excluded_lines": 0, "percent_statements_covered": 100.0, "percent_statements_covered_display": "100", "num_branches": 0, "num_partial_branches": 0, "covered_branches": 0, "missing_branches": 0, "percent_branches_covered": 100.0, "percent_branches_covered_display": "100"}, "missing_lines": [], "excluded_lines": [], "start_line": 120, "executed_branches": [], "missing_branches": []}, "_fallback_transport_cleanup": {"executed_lines": [], "summary": {"covered_lines": 0, "num_statements": 12, "percent_covered": 0.0, "percent_covered_display": "0", "missing_lines": 12, "excluded_lines": 0, "percent_statements_covered": 0.0, "percent_statements_covered_display": "0", "num_branches": 8, "num_partial_branches": 0, "covered_branches": 0, "missing_branches": 8, "percent_branches_covered": 0.0, "percent_branches_covered_display": "0"}, "missing_lines": [126, 127, 128, 129, 130, 131, 132, 133, 134, 135, 136, 137], "excluded_lines": [], "start_line": 125, "executed_branches": [], "missing_branches": [[127, 128], [127, 134], [129, 130], [129, 131], [131, 132], [131, 133], [135, 136], [135, 137]]}, "_clean_text": {"executed_lines": [141, 142, 143, 144, 145], "summary": {"covered_lines": 5, "num_statements": 5, "percent_covered": 100.0, "percent_covered_display": "100", "missing_lines": 0, "excluded_lines": 0, "percent_statements_covered": 100.0, "percent_statements_covered_display": "100", "num_branches": 0, "num_partial_branches": 0, "covered_branches": 0, "missing_branches": 0, "percent_branches_covered": 100.0, "percent_branches_covered_display": "100"}, "missing_lines": [], "excluded_lines": [], "start_line": 140, "executed_branches": [], "missing_branches": []}, "sender_domain": {"executed_lines": [151, 152, 153, 154, 155], "summary": {"covered_lines": 5, "num_statements": 9, "percent_covered": 53.333333333333336, "percent_covered_display": "53", "missing_lines": 4, "excluded_lines": 0, "percent_statements_covered": 55.55555555555556, "percent_statements_covered_display": "56", "num_branches": 6, "num_partial_branches": 1, "covered_branches": 3, "missing_branches": 3, "percent_branches_covered": 50.0, "percent_branches_covered_display": "50"}, "missing_lines": [156, 157, 158, 159], "excluded_lines": [], "start_line": 148, "executed_branches": [[151, 152], [151, 153], [154, 155]], "missing_branches": [[154, 156], [157, 158], [157, 159]]}, "canonicalize_email": {"executed_lines": [171, 172, 173, 174, 175, 176, 179, 180, 181, 182, 184, 185, 186, 202, 203, 204, 205, 206, 207, 208, 209, 212], "summary": {"covered_lines": 22, "num_statements": 24, "percent_covered": 93.75, "percent_covered_display": "94", "missing_lines": 2, "excluded_lines": 0, "percent_statements_covered": 91.66666666666667, "percent_statements_covered_display": "92", "num_branches": 8, "num_partial_branches": 0, "covered_branches": 8, "missing_branches": 0, "percent_branches_covered": 100.0, "percent_branches_covered_display": "100"}, "missing_lines": [177, 178], "excluded_lines": [], "start_line": 162, "executed_branches": [[173, 174], [173, 180], [180, 181], [180, 184], [203, 204], [203, 205], [206, 207], [206, 208]], "missing_branches": []}, "minimize_for_external_llm": {"executed_lines": [225, 228, 235, 236, 237, 238, 239, 240], "summary": {"covered_lines": 8, "num_statements": 8, "percent_covered": 100.0, "percent_covered_display": "100", "missing_lines": 0, "excluded_lines": 0, "percent_statements_covered": 100.0, "percent_statements_covered_display": "100", "num_branches": 0, "num_partial_branches": 0, "covered_branches": 0, "missing_branches": 0, "percent_branches_covered": 100.0, "percent_branches_covered_display": "100"}, "missing_lines": [], "excluded_lines": [], "start_line": 222, "executed_branches": [], "missing_branches": []}, "minimize_for_external_llm.redact_email": {"executed_lines": [226], "summary": {"covered_lines": 1, "num_statements": 1, "percent_covered": 100.0, "percent_covered_display": "100", "missing_lines": 0, "excluded_lines": 0, "percent_statements_covered": 100.0, "percent_statements_covered_display": "100", "num_branches": 0, "num_partial_branches": 0, "covered_branches": 0, "missing_branches": 0, "percent_branches_covered": 100.0, "percent_branches_covered_display": "100"}, "missing_lines": [], "excluded_lines": [], "start_line": 225, "executed_branches": [], "missing_branches": []}, "minimize_for_external_llm.redact_url": {"executed_lines": [229, 230, 233], "summary": {"covered_lines": 3, "num_statements": 5, "percent_covered": 60.0, "percent_covered_display": "60", "missing_lines": 2, "excluded_lines": 0, "percent_statements_covered": 60.0, "percent_statements_covered_display": "60", "num_branches": 0, "num_partial_branches": 0, "covered_branches": 0, "missing_branches": 0, "percent_branches_covered": 100.0, "percent_branches_covered_display": "100"}, "missing_lines": [231, 232], "excluded_lines": [], "start_line": 228, "executed_branches": [], "missing_branches": []}, "": {"executed_lines": [8, 10, 11, 12, 13, 14, 15, 16, 17, 19, 20, 25, 26, 27, 28, 31, 32, 35, 36, 37, 38, 39, 40, 43, 44, 49, 54, 67, 78, 99, 120, 125, 140, 148, 162, 222], "summary": {"covered_lines": 36, "num_statements": 36, "percent_covered": 100.0, "percent_covered_display": "100", "missing_lines": 0, "excluded_lines": 0, "percent_statements_covered": 100.0, "percent_statements_covered_display": "100", "num_branches": 0, "num_partial_branches": 0, "covered_branches": 0, "missing_branches": 0, "percent_branches_covered": 100.0, "percent_branches_covered_display": "100"}, "missing_lines": [], "excluded_lines": [], "start_line": 1, "executed_branches": [], "missing_branches": []}}, "classes": {"CanonicalEmail": {"executed_lines": [], "summary": {"covered_lines": 0, "num_statements": 0, "percent_covered": 100.0, "percent_covered_display": "100", "missing_lines": 0, "excluded_lines": 0, "percent_statements_covered": 100.0, "percent_statements_covered_display": "100", "num_branches": 0, "num_partial_branches": 0, "covered_branches": 0, "missing_branches": 0, "percent_branches_covered": 100.0, "percent_branches_covered_display": "100"}, "missing_lines": [], "excluded_lines": [], "start_line": 32, "executed_branches": [], "missing_branches": []}, "_HTMLTextExtractor": {"executed_lines": [45, 46, 47, 50, 51, 52, 59, 60, 61, 62, 63, 64], "summary": {"covered_lines": 12, "num_statements": 12, "percent_covered": 90.0, "percent_covered_display": "90", "missing_lines": 0, "excluded_lines": 0, "percent_statements_covered": 100.0, "percent_statements_covered_display": "100", "num_branches": 8, "num_partial_branches": 2, "covered_branches": 6, "missing_branches": 2, "percent_branches_covered": 75.0, "percent_branches_covered_display": "75"}, "missing_lines": [], "excluded_lines": [], "start_line": 43, "executed_branches": [[51, 52], [59, 60], [59, 61], [62, -54], [62, 63], [63, 64]], "missing_branches": [[51, -49], [63, 62]]}, "": {"executed_lines": [8, 10, 11, 12, 13, 14, 15, 16, 17, 19, 20, 25, 26, 27, 28, 31, 32, 35, 36, 37, 38, 39, 40, 43, 44, 49, 54, 67, 68, 69, 70, 71, 74, 75, 78, 79, 80, 81, 85, 99, 100, 101, 102, 103, 104, 105, 106, 107, 108, 110, 111, 112, 113, 114, 115, 116, 117, 120, 121, 122, 125, 140, 141, 142, 143, 144, 145, 148, 151, 152, 153, 154, 155, 162, 171, 172, 173, 174, 175, 176, 179, 180, 181, 182, 184, 185, 186, 202, 203, 204, 205, 206, 207, 208, 209
[...]
ent_statements_covered_display": "100", "num_branches": 0, "num_partial_branches": 0, "covered_branches": 0, "missing_branches": 0, "percent_branches_covered": 100.0, "percent_branches_covered_display": "100"}, "missing_lines": [], "excluded_lines": [70, 71], "start_line": 60, "executed_branches": [], "missing_branches": []}, "RuntimeTelemetry.observe": {"executed_lines": [119, 120, 121, 122, 123, 124, 125, 126, 129, 131, 132, 133, 134, 135, 140, 141, 142, 143, 144, 146, 147, 149, 150, 151, 155, 156, 157, 158, 159, 160, 161, 162, 164, 165, 166, 169, 170], "summary": {"covered_lines": 37, "num_statements": 40, "percent_covered": 92.6470588235294, "percent_covered_display": "93", "missing_lines": 3, "excluded_lines": 0, "percent_statements_covered": 92.5, "percent_statements_covered_display": "92", "num_branches": 28, "num_partial_branches": 2, "covered_branches": 26, "missing_branches": 2, "percent_branches_covered": 92.85714285714286, "percent_branches_covered_display": "93"}, "missing_lines": [137, 138, 145], "excluded_lines": [], "start_line": 105, "executed_branches": [[131, 132], [132, 131], [132, 133], [140, 141], [140, 142], [142, 143], [142, 144], [144, 146], [146, 147], [146, 149], [149, 150], [149, 155], [150, 151], [150, 155], [155, 156], [155, 164], [156, 157], [156, 159], [157, 156], [157, 158], [161, 162], [161, 164], [164, -105], [164, 165], [165, -105], [165, 166]], "missing_branches": [[131, 137], [144, 145]]}, "RuntimeTelemetry.to_prometheus": {"executed_lines": [176, 177, 182, 183, 184, 185, 186, 189, 191, 192, 193, 194, 195, 196, 200, 201, 212, 216, 220, 224, 228, 232, 236, 240, 246, 251, 255, 260, 264, 341], "summary": {"covered_lines": 30, "num_statements": 30, "percent_covered": 100.0, "percent_covered_display": "100", "missing_lines": 0, "excluded_lines": 0, "percent_statements_covered": 100.0, "percent_statements_covered_display": "100", "num_branches": 6, "num_partial_branches": 0, "covered_branches": 6, "missing_branches": 0, "percent_branches_covered": 100.0, "percent_branches_covered_display": "100"}, "missing_lines": [], "excluded_lines": [], "start_line": 175, "executed_branches": [[184, 185], [184, 189], [192, 193], [192, 212], [194, 195], [194, 200]], "missing_branches": []}, "RuntimeTelemetry.observe_auth_failure": {"executed_lines": [], "summary": {"covered_lines": 0, "num_statements": 2, "percent_covered": 0.0, "percent_covered_display": "0", "missing_lines": 2, "excluded_lines": 0, "percent_statements_covered": 0.0, "percent_statements_covered_display": "0", "num_branches": 0, "num_partial_branches": 0, "covered_branches": 0, "missing_branches": 0, "percent_branches_covered": 100.0, "percent_branches_covered_display": "100"}, "missing_lines": [344, 345], "excluded_lines": [], "start_line": 343, "executed_branches": [], "missing_branches": []}, "RuntimeTelemetry.observe_degradation": {"executed_lines": [], "summary": {"covered_lines": 0, "num_statements": 3, "percent_covered": 0.0, "percent_covered_display": "0", "missing_lines": 3, "excluded_lines": 0, "percent_statements_covered": 0.0, "percent_statements_covered_display": "0", "num_branches": 0, "num_partial_branches": 0, "covered_branches": 0, "missing_branches": 0, "percent_branches_covered": 100.0, "percent_branches_covered_display": "100"}, "missing_lines": [348, 349, 350], "excluded_lines": [], "start_line": 347, "executed_branches": [], "missing_branches": []}, "RuntimeTelemetry.observe_rate_limit": {"executed_lines": [353, 354], "summary": {"covered_lines": 2, "num_statements": 2, "percent_covered": 100.0, "percent_covered_display": "100", "missing_lines": 0, "excluded_lines": 0, "percent_statements_covered": 100.0, "percent_statements_covered_display": "100", "num_branches": 0, "num_partial_branches": 0, "covered_branches": 0, "missing_branches": 0, "percent_branches_covered": 100.0, "percent_branches_covered_display": "100"}, "missing_lines": [], "excluded_lines": [], "start_line": 352, "executed_branches": [], "missing_branches": []}, "RuntimeTelemetry.set_model_ready": {"executed_lines": [357, 358], "summary": {"covered_lines": 2, "num_statements": 2, "percent_covered": 100.0, "percent_covered_display": "100", "missing_lines": 0, "excluded_lines": 0, "percent_statements_covered": 100.0, "percent_statements_covered_display": "100", "num_branches": 0, "num_partial_branches": 0, "covered_branches": 0, "missing_branches": 0, "percent_branches_covered": 100.0, "percent_branches_covered_display": "100"}, "missing_lines": [], "excluded_lines": [], "start_line": 356, "executed_branches": [], "missing_branches": []}, "_resident_memory_bytes": {"executed_lines": [365, 366, 369, 370, 371], "summary": {"covered_lines": 5, "num_statements": 7, "percent_covered": 71.42857142857143, "percent_covered_display": "71", "missing_lines": 2, "excluded_lines": 0, "percent_statements_covered": 71.42857142857143, "percent_statements_covered_display": "71", "num_branches": 0, "num_partial_branches": 0, "covered_branches": 0, "missing_branches": 0, "percent_branches_covered": 100.0, "percent_branches_covered_display": "100"}, "missing_lines": [367, 368], "excluded_lines": [], "start_line": 364, "executed_branches": [], "missing_branches": []}, "_process_cpu_seconds": {"executed_lines": [375, 376], "summary": {"covered_lines": 2, "num_statements": 2, "percent_covered": 100.0, "percent_covered_display": "100", "missing_lines": 0, "excluded_lines": 0, "percent_statements_covered": 100.0, "percent_statements_covered_display": "100", "num_branches": 0, "num_partial_branches": 0, "covered_branches": 0, "missing_branches": 0, "percent_branches_covered": 100.0, "percent_branches_covered_display": "100"}, "missing_lines": [], "excluded_lines": [], "start_line": 374, "executed_branches": [], "missing_branches": []}, "emit_classify_request_log": {"executed_lines": [393, 400, 401, 402, 403, 404, 405, 406, 407, 410, 411, 412, 414, 420, 423, 424], "summary": {"covered_lines": 16, "num_statements": 17, "percent_covered": 93.54838709677419, "percent_covered_display": "94", "missing_lines": 1, "excluded_lines": 0, "percent_statements_covered": 94.11764705882354, "percent_statements_covered_display": "94", "num_branches": 14, "num_partial_branches": 1, "covered_branches": 13, "missing_branches": 1, "percent_branches_covered": 92.85714285714286, "percent_branches_covered_display": "93"}, "missing_lines": [413], "excluded_lines": [], "start_line": 379, "executed_branches": [[400, 401], [400, 402], [402, 403], [402, 404], [404, 405], [404, 406], [406, 407], [406, 410], [410, 411], [410, 412], [412, 414], [414, 420], [414, 423]], "missing_branches": [[412, 413]]}, "emit_operational_log": {"executed_lines": [428], "summary": {"covered_lines": 1, "num_statements": 1, "percent_covered": 100.0, "percent_covered_display": "100", "missing_lines": 0, "excluded_lines": 0, "percent_statements_covered": 100.0, "percent_statements_covered_display": "100", "num_branches": 0, "num_partial_branches": 0, "covered_branches": 0, "missing_branches": 0, "percent_branches_covered": 100.0, "percent_branches_covered_display": "100"}, "missing_lines": [], "excluded_lines": [], "start_line": 427, "executed_branches": [], "missing_branches": []}, "observe_classify_request": {"executed_lines": [451], "summary": {"covered_lines": 1, "num_statements": 1, "percent_covered": 100.0, "percent_covered_display": "100", "missing_lines": 0, "excluded_lines": 0, "percent_statements_covered": 100.0, "percent_statements_covered_display": "100", "num_branches": 0, "num_partial_branches": 0, "covered_branches": 0, "missing_branches": 0, "percent_branches_covered": 100.0, "percent_branches_covered_display": "100"}, "missing_lines": [], "excluded_lines": [], "start_line": 437, "executed_branches": [], "missing_branches": []}, "": {"executed_lines": [1, 3, 4, 5, 6, 7, 8, 9, 10, 33, 46, 50, 57, 60, 74, 75, 76, 77, 78, 79, 80, 81, 82, 83, 84, 85, 86, 87, 88, 89, 90, 91, 92, 93, 95, 99, 100, 101, 102, 103, 105, 175, 343, 347, 352, 356, 361, 364, 374, 379, 427, 437], "summary": {"covered_lines": 52, "num_statements": 52, "percent_covered": 100.0, "percent_covered_display": "100", "missing_lines": 0, "excluded_lines": 0, "percent_statements_covered": 100.0, "percent_statements_covered_display": "100", "num_branches": 0, "num_partial_branches": 0, "covered_branches": 0, "missing_branches": 0, "percent_branches_covered": 100.0, "percent_branches_covered_display": "100"}, "missing_lines": [], "excluded_lines": [], "start_line": 1, "executed_branches": [], "missing_branches": []}}, "classes": {"RuntimeTelemetry": {"executed_lines": [119, 120, 121, 122, 123, 124, 125, 126, 129, 131, 132, 133, 134, 135, 140, 141, 142, 143, 144, 146, 147, 149, 150, 151, 155, 156, 157, 158, 159, 160, 161, 162, 164, 165, 166, 169, 170, 176, 177, 182, 183, 184, 185, 186, 189, 191, 192, 193, 194, 195, 196, 200, 201, 212, 216, 220, 224, 228, 232, 236, 240, 246, 251, 255, 260, 264, 341, 353, 354, 357, 358], "summary": {"covered_lines": 71, "num_statements": 79, "percent_covered": 91.15044247787611, "percent_covered_display": "91", "missing_lines": 8, "excluded_lines": 0, "percent_statements_covered": 89.87341772151899, "percent_statements_covered_display": "90", "num_branches": 34, "num_partial_branches": 2, "covered_branches": 32, "missing_branches": 2, "percent_branches_covered": 94.11764705882354, "percent_branches_covered_display": "94"}, "missing_lines": [137, 138, 145, 344, 345, 348, 349, 350], "excluded_lines": [], "start_line": 75, "executed_branches": [[131, 132], [132, 131], [132, 133], [140, 141], [140, 142], [142, 143], [142, 144], [144, 146], [146, 147], [146, 149], [149, 150], [149, 155], [150, 151], [150, 155], [155, 156], [155, 164], [156, 157], [156, 159], [157, 156], [157, 158], [161, 162], [161, 164], [164, -105], [164, 165], [165, -105], [165, 166], [184, 185], [184, 189], [192, 193], [192, 212], [194, 195], [194, 200]], "missing_branches": [[131, 137], [144, 145]]}, "": {"executed_lines": [1, 3, 4, 5, 6, 7, 8, 9, 10, 33, 46, 47, 50, 51, 52, 57, 60, 66, 67, 69, 74, 75, 76, 77, 78, 79, 80, 81, 82, 83, 84, 85, 86, 87, 88, 89, 90, 91, 92, 93, 95, 99, 100, 101, 102, 103, 105, 175, 343, 347, 352, 356, 361, 364, 365, 366, 369, 370, 371, 374, 375, 376, 379, 393, 400, 401, 402, 403, 404, 405, 406, 407, 410, 411, 412, 414, 420, 423, 424, 427, 428, 437, 451], "summary": {"covered_lines": 83, "num_statements": 86, "percent_covered": 96.0, "percent_covered_display": "96", "missing_lines": 3, "excluded_lines": 2, "percent_statements_covered": 96.51162790697674, "percent_statements_covered_display": "97", "num_branches": 14, "num_partial_branches": 1, "covered_branches": 13, "missing_branches": 1, "percent_branches_covered": 92.85714285714286, "percent_branches_covered_display": "93"}, "missing_lines": [367, 368, 413], "excluded_lines": [70, 71], "start_line": 1, "executed_branches": [[400, 401], [400, 402], [402, 403], [402, 404], [404, 405], [404, 406], [406, 407], [406, 410], [410, 411], [410, 412], [412, 414], [414, 420], [414, 423]], "missing_branches": [[412, 413]]}}}, "src/training/__init__.py": {"executed_lines": [1, 2, 4], "summary": {"covered_lines": 3, "num_statements": 3, "percent_covered": 100.0, "percent_covered_display": "100", "missing_lines": 0, "excluded_lines": 0, "percent_statements_covered": 100.0, "percent_statements_covered_display": "100", "num_branches": 0, "num_partial_branches": 0, "covered_branches": 0, "missing_branches": 0, "percent_branches_covered": 100.0, "percent_branches_covered_display": "100"}, "missing_lines": [], "excluded_lines": [], "executed_branches": [], "missing_branches": [], "functions": {"": {"executed_lines": [1, 2, 4], "summary": {"covered_lines": 3, "num_statements": 3, "percent_covered": 100.0, "percent_covered_display": "100", "missing_lines": 0, "excluded_lines": 0, "percent_statements_covered": 100.0, "percent_statements_covered_display": "100", "num_branches": 0, "num_partial_branches": 0, "covered_branches": 0, "missing_branches": 0, "percent_branches_covered": 100.0, "percent_branches_covered_display": "100"}, "missing_lines": [], "excluded_lines": [], "start_line": 1, "executed_branches": [], "missing_branches": []}}, "classes": {"": {"executed_lines": [1, 2, 4], "summary": {"covered_lines": 3, "num_statements": 3, "percent_covered": 100.0, "percent_covered_display": "100", "missing_lines": 0, "excluded_lines": 0, "percent_statements_covered": 100.0, "percent_statements_covered_display": "100", "num_branches": 0, "num_partial_branches": 0, "covered_branches": 0, "missing_branches": 0, "percent_branches_covered": 100.0, "percent_branches_covered_display": "100"}, "missing_lines": [], "excluded_lines": [], "start_line": 1, "executed_branches": [], "missing_branches": []}}}, "src/training/args.py": {"executed_lines": [1, 3, 5, 7, 10, 11, 12, 15, 26, 27, 28, 29, 30, 31, 32, 36], "summary": {"covered_lines": 16, "num_statements": 16, "percent_covered": 100.0, "percent_covered_display": "100", "missing_lines": 0, "excluded_lines": 0, "percent_statements_covered": 100.0, "percent_statements_covered_display": "100", "num_branches": 2, "num_partial_branches": 0, "covered_branches": 2, "missing_branches": 0, "percent_branches_covered": 100.0, "percent_branches_covered_display": "100"}, "missing_lines": [], "excluded_lines": [], "executed_branches": [[31, 32], [31, 36]], "missing_branches": [], "functions": {"compute_warmup_steps": {"executed_lines": [11, 12], "summary": {"covered_lines": 2, "num_statements": 2, "percent_covered": 100.0, "percent_covered_display": "100", "missing_lines": 0, "excluded_lines": 0, "percent_statements_covered": 100.0, "percent_statements_covered_display": "100", "num_branches": 0, "num_partial_branches": 0, "covered_branches": 0, "missing_branches": 0, "percent_branches_covered": 100.0, "percent_branches_covered_display": "100"}, "missing_lines": [], "excluded_lines": [], "start_line": 10, "executed_branches": [], "missing_branches": []}, "create_training_args": {"executed_lines": [26, 27, 28, 29, 30, 31, 32, 36], "summary": {"covered_lines": 8, "num_statements": 8, "percent_covered": 100.0, "percent_covered_display": "100", "missing_lines": 0, "excluded_lines": 0, "percent_statements_covered": 100.0, "percent_statements_covered_display": "100", "num_branches": 2, "num_partial_branches": 0, "covered_branches": 2, "missing_branches": 0, "percent_branches_covered": 100.0, "percent_branches_covered_display": "100"}, "missing_lines": [], "excluded_lines": [], "start_line": 15, "executed_branches": [[31, 32], [31, 36]], "missing_branches": []}, "": {"executed_lines": [1, 3, 5, 7, 10, 15], "summary": {"covered_lines": 6, "num_statements": 6, "percent_covered": 100.0, "percent_covered_display": "100", "missing_lines": 0, "excluded_lines": 0, "percent_statements_covered": 100.0, "percent_statements_covered_display": "100", "num_branches": 0, "num_partial_branches": 0, "covered_branches": 0, "missing_branches": 0, "percent_branches_covered": 100.0, "percent_branches_covered_display": "100"}, "missing_lines": [], "excluded_lines": [], "start_line": 1, "executed_branches": [], "missing_branches": []}}, "classes": {"": {"executed_lines": [1, 3, 5, 7, 10, 11, 12, 15, 26, 27, 28, 29, 30, 31, 32, 36], "summary": {"covered_lines": 16, "num_statements": 16, "percent_covered": 100.0, "percent_covered_display": "100", "missing_lines": 0, "excluded_lines": 0, "percent_statements_covered": 100.0, "percent_statements_covered_display": "100", "num_branches": 2, "num_partial_branches": 0, "covered_branches": 2, "missing_branches": 0, "percent_branches_covered": 100.0, "percent_branches_covered_display": "100"}, "missing_lines": [], "excluded_lines": [], "start_line": 1, "executed_branches": [[31, 32], [31, 36]], "missing_branches": []}}}, "src/training/baseline.py": {"executed_lines": [1, 3, 4, 5, 6, 8, 9, 10, 12, 13, 14, 15, 16, 17, 20, 21, 22, 23, 24, 25, 26, 27, 30, 38, 60, 69, 70, 71, 72, 74, 79, 86, 91, 92, 105, 113], "summary": {"covered_lines": 36, "num_statements": 36, "percent_covered": 100.0, "percent_covered_display": "100", "missing_lines": 0, "excluded_lines": 0, "percent_statements_covered": 100.0, "percent_statements_covered_display": "100", "num_branches": 0, "num_partial_branches": 0, "covered_branches": 0, "missing_branches": 0, "percent_branches_covered": 100.0, "percent_branches_covered_display": "100"}, "missing_lines": [], "excluded_lines": [], "executed_branches": [], "missing_branches": [], "functions": {"build_run_config": {"executed_lines": [38], "summary": {"covered_lines": 1, "num_statements": 1, "percent_covered": 100.0, "percent_covered_display": "100", "missing_lines": 0, "excluded_lines": 0, "percent_statements_covered": 100.0, "percent_statements_covered_display": "100", "num_branches": 0, "num_partial_branches": 0, "covered_branches": 0, "missing_branches": 0, "percent_branches_covered": 100.0, "percent_branches_covered_display": "100"}, "missing_lines": [], "excluded_lines": [], "start_line": 30, "executed_branches": [], "missing_branches": []}, "prepare_baseline_training": {"executed_lines": [69, 70, 71, 72, 74, 79, 86, 91, 92, 105, 113], "summary": {"covered_lines": 11, "num_statements": 11, "percent_covered": 100.0, "percent_covered_display": "100", "missing_lines": 0, "excluded_lines": 0, "percent_statements_covered": 100.0, "percent_statements_covered_display": "100", "num_branches": 0, "num_partial_branches": 0, "covered_branches": 0, "missing_branches": 0, "percent_branches_covered": 100.0, "percent_branches_covered_display": "100"}, "missing_lines": [], "excluded_lines": [], "start_line": 60, "executed_branches": [], "missing_branches": []}, "": {"executed_lines": [1, 3, 4, 5, 6, 8, 9, 10, 12, 13, 14, 15, 16, 17, 20, 21, 22, 23, 24, 25, 26, 27, 30, 60], "summary": {"covered_lines": 24, "num_statements": 24, "percent_covered": 100.0, "percent_covered_display": "100", "missing_lines": 0, "excluded_lines": 0, "percent_statements_covered": 100.0, "percent_statements_covered_display": "100", "num_branches": 0, "num_partial_branches": 0, "covered_branches": 0, "missing_branches": 0, "percent_branches_covered": 100.0, "percent_branches_covered_display": "100"}, "missing_lines": [], "excluded_lines": [], "start_line": 1, "executed_branches": [], "missing_branches": []}}, "classes": {"BaselineSetup": {"executed_lines": [], "summary": {"covered_lines": 0, "num_statements": 0, "percent_covered": 100.0, "percent_covered_display": "100", "missing_lines": 0, "excluded_lines": 0, "percent_statements_covered": 100.0, "percent_statements_covered_display": "100", "num_branches": 0, "num_partial_branches": 0, "covered_branches": 0, "missing_branches": 0, "percent_branches_covered": 100.0, "percent_branches_covered_display": "100"}, "missing_lines": [], "excluded_lines": [], "start_line": 21, "executed_branches": [], "missing_branches": []}, "": {"executed_lines": [1, 3, 4, 5, 6, 8, 9, 10, 12, 13, 14, 15, 16, 17, 20, 21, 22, 23, 24, 25, 26, 27, 30, 38, 60, 69, 70, 71, 72, 74, 79, 86, 91, 92, 105, 113], "summary": {"covered_lines": 36, "num_statements": 36, "percent_covered": 100.0, "percent_covered_display": "100", "missing_lines": 0, "excluded_lines": 0, "percent_statements_covered": 100.0, "percent_statements_covered_display": "100", "num_branches": 0, "num_partial_branches": 0, "covered_branches": 0, "missing_branches": 0, "percent_branches_covered": 100.0, "percent_branches_covered_display": "100"}, "missing_lines": [], "excluded_lines": [], "start_line": 1, "executed_branches": [], "missing_branches": []}}}}, "totals": {"covered_lines": 1949, "num_statements": 2219, "percent_covered": 85.21770947676546, "percent_covered_display": "85", "missing_lines": 270, "excluded_lines": 8, "percent_statements_covered": 87.83235691753042, "percent_statements_covered_display": "88", "num_branches": 514, "num_partial_branches": 94, "covered_branches": 380, "missing_branches": 134, "percent_branches_covered": 73.92996108949416, "percent_branches_covered_display": "74"}}